#
# There is insufficient memory for the Java Runtime Environment to continue.
# Native memory allocation (malloc) failed to allocate 628656 bytes for Chunk::new
# Possible reasons:
#   The system is out of physical RAM or swap space
#   The process is running with CompressedOops enabled, and the Java Heap may be blocking the growth of the native heap
# Possible solutions:
#   Reduce memory load on the system
#   Increase physical memory or swap space
#   Check if swap backing store is full
#   Decrease Java heap size (-Xmx/-Xms)
#   Decrease number of Java threads
#   Decrease Java thread stack sizes (-Xss)
#   Set larger code cache with -XX:ReservedCodeCacheSize=
#   JVM is running with Unscaled Compressed Oops mode in which the Java heap is
#     placed in the first 4GB address space. The Java Heap base address is the
#     maximum limit for the native heap growth. Please use -XX:HeapBaseMinAddress
#     to set the Java Heap base and to place the Java Heap above 4GB virtual address.
# This output file may be truncated or incomplete.
#
#  Out of Memory Error (./src/hotspot/share/memory/arena.cpp:197), pid=40896, tid=42940
#
# JRE version: OpenJDK Runtime Environment Microsoft-7208460 (11.0.18+10) (build 11.0.18+10-LTS)
# Java VM: OpenJDK 64-Bit Server VM Microsoft-7208460 (11.0.18+10-LTS, mixed mode, tiered, compressed oops, g1 gc, windows-amd64)
# No core dump will be written. Minidumps are not enabled by default on client versions of Windows
#

---------------  S U M M A R Y ------------

Command Line: -Xmx64m -Xms64m -Dorg.gradle.appname=gradlew org.gradle.wrapper.GradleWrapperMain app:installDebug -PreactNativeDevServerPort=8081

Host: Intel(R) Core(TM) i7-7700HQ CPU @ 2.80GHz, 8 cores, 15G,  Windows 10 , 64 bit Build 19041 (10.0.19041.3031)
Time: Thu Jul 20 10:29:47 2023 Hora oficial do Brasil elapsed time: 1.118349 seconds (0d 0h 0m 1s)

---------------  T H R E A D  ---------------

Current thread (0x000001c069d3a800):  JavaThread "C2 CompilerThread0" daemon [_thread_in_native, id=42940, stack(0x0000009f9bc00000,0x0000009f9bd00000)]


Current CompileTask:
C2:   1118  803  s!   4       jdk.internal.loader.URLClassPath::getLoader (194 bytes)

Stack: [0x0000009f9bc00000,0x0000009f9bd00000]
Native frames: (J=compiled Java code, j=interpreted, Vv=VM code, C=native code)
V  [jvm.dll+0x62bf8a]
V  [jvm.dll+0x7b8fb9]
V  [jvm.dll+0x7ba6a8]
V  [jvm.dll+0x7bad83]
V  [jvm.dll+0x250248]
V  [jvm.dll+0xc260c]
V  [jvm.dll+0xc2bcc]
V  [jvm.dll+0x35e1c7]
V  [jvm.dll+0x32a373]
V  [jvm.dll+0x3296aa]
V  [jvm.dll+0x2093b3]
V  [jvm.dll+0x20850d]
V  [jvm.dll+0x18a4b1]
V  [jvm.dll+0x217eec]
V  [jvm.dll+0x21612b]
V  [jvm.dll+0x77bac0]
V  [jvm.dll+0x7749f4]
V  [jvm.dll+0x62adf5]
C  [ucrtbase.dll+0x21bb2]
C  [KERNEL32.DLL+0x17614]
C  [ntdll.dll+0x526f1]


---------------  P R O C E S S  ---------------

Threads class SMR info:
_java_thread_list=0x000001c06a1cc1a0, length=11, elements={
0x000001c04ce93800, 0x000001c069ccb000, 0x000001c069cd5000, 0x000001c069d2a000,
0x000001c069d2c000, 0x000001c069d2f800, 0x000001c069d3a800, 0x000001c069d41000,
0x000001c069d54800, 0x000001c069fe3800, 0x000001c06a287000
}

Java Threads: ( => current thread )
  0x000001c04ce93800 JavaThread "main" [_thread_in_vm, id=35356, stack(0x0000009f9b000000,0x0000009f9b100000)]
  0x000001c069ccb000 JavaThread "Reference Handler" daemon [_thread_blocked, id=31528, stack(0x0000009f9b700000,0x0000009f9b800000)]
  0x000001c069cd5000 JavaThread "Finalizer" daemon [_thread_blocked, id=32540, stack(0x0000009f9b800000,0x0000009f9b900000)]
  0x000001c069d2a000 JavaThread "Signal Dispatcher" daemon [_thread_blocked, id=3368, stack(0x0000009f9b900000,0x0000009f9ba00000)]
  0x000001c069d2c000 JavaThread "Attach Listener" daemon [_thread_blocked, id=21084, stack(0x0000009f9ba00000,0x0000009f9bb00000)]
  0x000001c069d2f800 JavaThread "Service Thread" daemon [_thread_blocked, id=26856, stack(0x0000009f9bb00000,0x0000009f9bc00000)]
=>0x000001c069d3a800 JavaThread "C2 CompilerThread0" daemon [_thread_in_native, id=42940, stack(0x0000009f9bc00000,0x0000009f9bd00000)]
  0x000001c069d41000 JavaThread "C1 CompilerThread0" daemon [_thread_in_vm, id=37868, stack(0x0000009f9bd00000,0x0000009f9be00000)]
  0x000001c069d54800 JavaThread "Sweeper thread" daemon [_thread_blocked, id=32876, stack(0x0000009f9be00000,0x0000009f9bf00000)]
  0x000001c069fe3800 JavaThread "Common-Cleaner" daemon [_thread_blocked, id=20288, stack(0x0000009f9c000000,0x0000009f9c100000)]
  0x000001c06a287000 JavaThread "C2 CompilerThread1" daemon [_thread_blocked, id=20644, stack(0x0000009f9c100000,0x0000009f9c200000)]

Other Threads:
  0x000001c069ca5000 VMThread "VM Thread" [stack: 0x0000009f9b600000,0x0000009f9b700000] [id=38300]
  0x000001c069fdb000 WatcherThread [stack: 0x0000009f9bf00000,0x0000009f9c000000] [id=9072]
  0x000001c04ceaf000 GCTaskThread "GC Thread#0" [stack: 0x0000009f9b100000,0x0000009f9b200000] [id=19504]
  0x000001c04ceb7000 ConcurrentGCThread "G1 Main Marker" [stack: 0x0000009f9b200000,0x0000009f9b300000] [id=37024]
  0x000001c04ceb8800 ConcurrentGCThread "G1 Conc#0" [stack: 0x0000009f9b300000,0x0000009f9b400000] [id=34656]
  0x000001c04cf21000 ConcurrentGCThread "G1 Refine#0" [stack: 0x0000009f9b400000,0x0000009f9b500000] [id=35844]
  0x000001c04cf22000 ConcurrentGCThread "G1 Young RemSet Sampling" [stack: 0x0000009f9b500000,0x0000009f9b600000] [id=25564]

Threads with active compile tasks:
C2 CompilerThread0     1157  803  s!   4       jdk.internal.loader.URLClassPath::getLoader (194 bytes)
C1 CompilerThread0     1157  845       3       java.lang.StringCoding::resultCached (50 bytes)

VM state:not at safepoint (normal execution)

VM Mutex/Monitor currently owned by a thread: None

Heap address: 0x00000000fc000000, size: 64 MB, Compressed Oops mode: 32-bit
Narrow klass base: 0x0000000000000000, Narrow klass shift: 3
Compressed class space size: 1073741824 Address: 0x0000000100000000

Heap:
 garbage-first heap   total 65536K, used 25600K [0x00000000fc000000, 0x0000000100000000)
  region size 1024K, 23 young (23552K), 0 survivors (0K)
 Metaspace       used 9973K, capacity 10158K, committed 10368K, reserved 1058816K
  class space    used 996K, capacity 1065K, committed 1152K, reserved 1048576K
Heap Regions: E=young(eden), S=young(survivor), O=old, HS=humongous(starts), HC=humongous(continues), CS=collection set, F=free, A=archive, TAMS=top-at-mark-start (previous, next)
|   0|0x00000000fc000000, 0x00000000fc100000, 0x00000000fc100000|100%|HS|  |TAMS 0x00000000fc000000, 0x00000000fc000000| Complete 
|   1|0x00000000fc100000, 0x00000000fc200000, 0x00000000fc200000|100%|HC|  |TAMS 0x00000000fc100000, 0x00000000fc100000| Complete 
|   2|0x00000000fc200000, 0x00000000fc300000, 0x00000000fc300000|100%|HC|  |TAMS 0x00000000fc200000, 0x00000000fc200000| Complete 
|   3|0x00000000fc300000, 0x00000000fc400000, 0x00000000fc400000|100%|HC|  |TAMS 0x00000000fc300000, 0x00000000fc300000| Complete 
|   4|0x00000000fc400000, 0x00000000fc400000, 0x00000000fc500000|  0%| F|  |TAMS 0x00000000fc400000, 0x00000000fc400000| Untracked 
|   5|0x00000000fc500000, 0x00000000fc500000, 0x00000000fc600000|  0%| F|  |TAMS 0x00000000fc500000, 0x00000000fc500000| Untracked 
|   6|0x00000000fc600000, 0x00000000fc600000, 0x00000000fc700000|  0%| F|  |TAMS 0x00000000fc600000, 0x00000000fc600000| Untracked 
|   7|0x00000000fc700000, 0x00000000fc700000, 0x00000000fc800000|  0%| F|  |TAMS 0x00000000fc700000, 0x00000000fc700000| Untracked 
|   8|0x00000000fc800000, 0x00000000fc800000, 0x00000000fc900000|  0%| F|  |TAMS 0x00000000fc800000, 0x00000000fc800000| Untracked 
|   9|0x00000000fc900000, 0x00000000fc900000, 0x00000000fca00000|  0%| F|  |TAMS 0x00000000fc900000, 0x00000000fc900000| Untracked 
|  10|0x00000000fca00000, 0x00000000fca00000, 0x00000000fcb00000|  0%| F|  |TAMS 0x00000000fca00000, 0x00000000fca00000| Untracked 
|  11|0x00000000fcb00000, 0x00000000fcb00000, 0x00000000fcc00000|  0%| F|  |TAMS 0x00000000fcb00000, 0x00000000fcb00000| Untracked 
|  12|0x00000000fcc00000, 0x00000000fcc00000, 0x00000000fcd00000|  0%| F|  |TAMS 0x00000000fcc00000, 0x00000000fcc00000| Untracked 
|  13|0x00000000fcd00000, 0x00000000fcd00000, 0x00000000fce00000|  0%| F|  |TAMS 0x00000000fcd00000, 0x00000000fcd00000| Untracked 
|  14|0x00000000fce00000, 0x00000000fce00000, 0x00000000fcf00000|  0%| F|  |TAMS 0x00000000fce00000, 0x00000000fce00000| Untracked 
|  15|0x00000000fcf00000, 0x00000000fcf00000, 0x00000000fd000000|  0%| F|  |TAMS 0x00000000fcf00000, 0x00000000fcf00000| Untracked 
|  16|0x00000000fd000000, 0x00000000fd000000, 0x00000000fd100000|  0%| F|  |TAMS 0x00000000fd000000, 0x00000000fd000000| Untracked 
|  17|0x00000000fd100000, 0x00000000fd100000, 0x00000000fd200000|  0%| F|  |TAMS 0x00000000fd100000, 0x00000000fd100000| Untracked 
|  18|0x00000000fd200000, 0x00000000fd200000, 0x00000000fd300000|  0%| F|  |TAMS 0x00000000fd200000, 0x00000000fd200000| Untracked 
|  19|0x00000000fd300000, 0x00000000fd300000, 0x00000000fd400000|  0%| F|  |TAMS 0x00000000fd300000, 0x00000000fd300000| Untracked 
|  20|0x00000000fd400000, 0x00000000fd400000, 0x00000000fd500000|  0%| F|  |TAMS 0x00000000fd400000, 0x00000000fd400000| Untracked 
|  21|0x00000000fd500000, 0x00000000fd500000, 0x00000000fd600000|  0%| F|  |TAMS 0x00000000fd500000, 0x00000000fd500000| Untracked 
|  22|0x00000000fd600000, 0x00000000fd600000, 0x00000000fd700000|  0%| F|  |TAMS 0x00000000fd600000, 0x00000000fd600000| Untracked 
|  23|0x00000000fd700000, 0x00000000fd700000, 0x00000000fd800000|  0%| F|  |TAMS 0x00000000fd700000, 0x00000000fd700000| Untracked 
|  24|0x00000000fd800000, 0x00000000fd800000, 0x00000000fd900000|  0%| F|  |TAMS 0x00000000fd800000, 0x00000000fd800000| Untracked 
|  25|0x00000000fd900000, 0x00000000fd900000, 0x00000000fda00000|  0%| F|  |TAMS 0x00000000fd900000, 0x00000000fd900000| Untracked 
|  26|0x00000000fda00000, 0x00000000fda00000, 0x00000000fdb00000|  0%| F|  |TAMS 0x00000000fda00000, 0x00000000fda00000| Untracked 
|  27|0x00000000fdb00000, 0x00000000fdb00000, 0x00000000fdc00000|  0%| F|  |TAMS 0x00000000fdb00000, 0x00000000fdb00000| Untracked 
|  28|0x00000000fdc00000, 0x00000000fdc00000, 0x00000000fdd00000|  0%| F|  |TAMS 0x00000000fdc00000, 0x00000000fdc00000| Untracked 
|  29|0x00000000fdd00000, 0x00000000fdd00000, 0x00000000fde00000|  0%| F|  |TAMS 0x00000000fdd00000, 0x00000000fdd00000| Untracked 
|  30|0x00000000fde00000, 0x00000000fde00000, 0x00000000fdf00000|  0%| F|  |TAMS 0x00000000fde00000, 0x00000000fde00000| Untracked 
|  31|0x00000000fdf00000, 0x00000000fdf00000, 0x00000000fe000000|  0%| F|  |TAMS 0x00000000fdf00000, 0x00000000fdf00000| Untracked 
|  32|0x00000000fe000000, 0x00000000fe000000, 0x00000000fe100000|  0%| F|  |TAMS 0x00000000fe000000, 0x00000000fe000000| Untracked 
|  33|0x00000000fe100000, 0x00000000fe100000, 0x00000000fe200000|  0%| F|  |TAMS 0x00000000fe100000, 0x00000000fe100000| Untracked 
|  34|0x00000000fe200000, 0x00000000fe200000, 0x00000000fe300000|  0%| F|  |TAMS 0x00000000fe200000, 0x00000000fe200000| Untracked 
|  35|0x00000000fe300000, 0x00000000fe300000, 0x00000000fe400000|  0%| F|  |TAMS 0x00000000fe300000, 0x00000000fe300000| Untracked 
|  36|0x00000000fe400000, 0x00000000fe400000, 0x00000000fe500000|  0%| F|  |TAMS 0x00000000fe400000, 0x00000000fe400000| Untracked 
|  37|0x00000000fe500000, 0x00000000fe500000, 0x00000000fe600000|  0%| F|  |TAMS 0x00000000fe500000, 0x00000000fe500000| Untracked 
|  38|0x00000000fe600000, 0x00000000fe600000, 0x00000000fe700000|  0%| F|  |TAMS 0x00000000fe600000, 0x00000000fe600000| Untracked 
|  39|0x00000000fe700000, 0x00000000fe700000, 0x00000000fe800000|  0%| F|  |TAMS 0x00000000fe700000, 0x00000000fe700000| Untracked 
|  40|0x00000000fe800000, 0x00000000fe800000, 0x00000000fe900000|  0%| F|  |TAMS 0x00000000fe800000, 0x00000000fe800000| Untracked 
|  41|0x00000000fe900000, 0x00000000fe9f6688, 0x00000000fea00000| 96%| E|  |TAMS 0x00000000fe900000, 0x00000000fe900000| Complete 
|  42|0x00000000fea00000, 0x00000000feb00000, 0x00000000feb00000|100%| E|CS|TAMS 0x00000000fea00000, 0x00000000fea00000| Complete 
|  43|0x00000000feb00000, 0x00000000fec00000, 0x00000000fec00000|100%| E|CS|TAMS 0x00000000feb00000, 0x00000000feb00000| Complete 
|  44|0x00000000fec00000, 0x00000000fed00000, 0x00000000fed00000|100%| E|CS|TAMS 0x00000000fec00000, 0x00000000fec00000| Complete 
|  45|0x00000000fed00000, 0x00000000fee00000, 0x00000000fee00000|100%| E|CS|TAMS 0x00000000fed00000, 0x00000000fed00000| Complete 
|  46|0x00000000fee00000, 0x00000000fef00000, 0x00000000fef00000|100%| E|CS|TAMS 0x00000000fee00000, 0x00000000fee00000| Complete 
|  47|0x00000000fef00000, 0x00000000ff000000, 0x00000000ff000000|100%| E|CS|TAMS 0x00000000fef00000, 0x00000000fef00000| Complete 
|  48|0x00000000ff000000, 0x00000000ff100000, 0x00000000ff100000|100%| E|CS|TAMS 0x00000000ff000000, 0x00000000ff000000| Complete 
|  49|0x00000000ff100000, 0x00000000ff200000, 0x00000000ff200000|100%| E|CS|TAMS 0x00000000ff100000, 0x00000000ff100000| Complete 
|  50|0x00000000ff200000, 0x00000000ff300000, 0x00000000ff300000|100%| E|CS|TAMS 0x00000000ff200000, 0x00000000ff200000| Complete 
|  51|0x00000000ff300000, 0x00000000ff400000, 0x00000000ff400000|100%| E|CS|TAMS 0x00000000ff300000, 0x00000000ff300000| Complete 
|  52|0x00000000ff400000, 0x00000000ff500000, 0x00000000ff500000|100%| E|  |TAMS 0x00000000ff400000, 0x00000000ff400000| Complete 
|  53|0x00000000ff500000, 0x00000000ff600000, 0x00000000ff600000|100%| E|CS|TAMS 0x00000000ff500000, 0x00000000ff500000| Complete 
|  54|0x00000000ff600000, 0x00000000ff700000, 0x00000000ff700000|100%| E|CS|TAMS 0x00000000ff600000, 0x00000000ff600000| Complete 
|  55|0x00000000ff700000, 0x00000000ff800000, 0x00000000ff800000|100%| E|CS|TAMS 0x00000000ff700000, 0x00000000ff700000| Complete 
|  56|0x00000000ff800000, 0x00000000ff900000, 0x00000000ff900000|100%| E|CS|TAMS 0x00000000ff800000, 0x00000000ff800000| Complete 
|  57|0x00000000ff900000, 0x00000000ffa00000, 0x00000000ffa00000|100%| E|CS|TAMS 0x00000000ff900000, 0x00000000ff900000| Complete 
|  58|0x00000000ffa00000, 0x00000000ffb00000, 0x00000000ffb00000|100%| E|CS|TAMS 0x00000000ffa00000, 0x00000000ffa00000| Complete 
|  59|0x00000000ffb00000, 0x00000000ffc00000, 0x00000000ffc00000|100%| E|CS|TAMS 0x00000000ffb00000, 0x00000000ffb00000| Complete 
|  60|0x00000000ffc00000, 0x00000000ffd00000, 0x00000000ffd00000|100%| E|CS|TAMS 0x00000000ffc00000, 0x00000000ffc00000| Complete 
|  61|0x00000000ffd00000, 0x00000000ffe00000, 0x00000000ffe00000|100%| E|CS|TAMS 0x00000000ffd00000, 0x00000000ffd00000| Complete 
|  62|0x00000000ffe00000, 0x00000000fff00000, 0x00000000fff00000|100%| E|CS|TAMS 0x00000000ffe00000, 0x00000000ffe00000| Complete 
|  63|0x00000000fff00000, 0x0000000100000000, 0x0000000100000000|100%| E|CS|TAMS 0x00000000fff00000, 0x00000000fff00000| Complete 

Card table byte_map: [0x000001c066880000,0x000001c0668a0000] _byte_map_base: 0x000001c0660a0000

Marking Bits (Prev, Next): (CMBitMap*) 0x000001c04ceb62d8, (CMBitMap*) 0x000001c04ceb6310
 Prev Bits: [0x000001c0668c0000, 0x000001c0669c0000)
 Next Bits: [0x000001c0669c0000, 0x000001c066ac0000)

Polling page: 0x000001c04e720000

Metaspace:

Usage:
  Non-class:      8.94 MB capacity,     8.78 MB ( 98%) used,   159.93 KB (  2%) free+waste,    10.19 KB ( <1%) overhead. 
      Class:      1.04 MB capacity,  1000.13 KB ( 94%) used,    60.06 KB (  6%) free+waste,     4.81 KB ( <1%) overhead. 
       Both:      9.98 MB capacity,     9.75 MB ( 98%) used,   219.99 KB (  2%) free+waste,    15.00 KB ( <1%) overhead. 

Virtual space:
  Non-class space:       10.00 MB reserved,       9.00 MB ( 90%) committed 
      Class space:        1.00 GB reserved,       1.13 MB ( <1%) committed 
             Both:        1.01 GB reserved,      10.13 MB ( <1%) committed 

Chunk freelists:
   Non-Class:  59.00 KB
       Class:  23.00 KB
        Both:  82.00 KB

MaxMetaspaceSize: 17179869184.00 GB
CompressedClassSpaceSize: 1.00 GB
Initial GC threshold: 20.80 MB
Current GC threshold: 20.80 MB
CDS: off

CodeHeap 'non-profiled nmethods': size=120000Kb used=318Kb max_used=318Kb free=119681Kb
 bounds [0x000001c05e8b0000, 0x000001c05eb20000, 0x000001c065de0000]
CodeHeap 'profiled nmethods': size=120000Kb used=1592Kb max_used=1592Kb free=118407Kb
 bounds [0x000001c057380000, 0x000001c0575f0000, 0x000001c05e8b0000]
CodeHeap 'non-nmethods': size=5760Kb used=1117Kb max_used=1135Kb free=4642Kb
 bounds [0x000001c056de0000, 0x000001c057050000, 0x000001c057380000]
 total_blobs=1210 nmethods=845 adapters=278
 compilation: enabled
              stopped_count=0, restarted_count=0
 full_count=0

Compilation events (20 events):
Event: 1.033 Thread 0x000001c069d41000 nmethod 807 0x000001c0574eef10 code [0x000001c0574ef100, 0x000001c0574ef468]
Event: 1.033 Thread 0x000001c069d41000  808   !   3       java.util.zip.ZipFile$ZipFileInputStream::read (135 bytes)
Event: 1.033 Thread 0x000001c069d41000 nmethod 808 0x000001c0574ef610 code [0x000001c0574ef840, 0x000001c0574effb8]
Event: 1.033 Thread 0x000001c069d41000  809       3       java.util.zip.ZipFile::ensureOpenOrZipException (18 bytes)
Event: 1.034 Thread 0x000001c069d41000 nmethod 809 0x000001c0574f0390 code [0x000001c0574f0560, 0x000001c0574f0768]
Event: 1.034 Thread 0x000001c069d41000  810       3       java.util.zip.ZipFile$ZipFileInputStream::initDataOffset (109 bytes)
Event: 1.034 Thread 0x000001c069d41000 nmethod 810 0x000001c0574f0890 code [0x000001c0574f0ac0, 0x000001c0574f12e8]
Event: 1.034 Thread 0x000001c069d41000  811       3       java.util.zip.ZipUtils::LOCNAM (7 bytes)
Event: 1.034 Thread 0x000001c069d41000 nmethod 811 0x000001c0574f1610 code [0x000001c0574f17c0, 0x000001c0574f1958]
Event: 1.034 Thread 0x000001c069d41000  812       3       java.util.zip.ZipUtils::LOCEXT (7 bytes)
Event: 1.034 Thread 0x000001c069d41000 nmethod 812 0x000001c0574f1a90 code [0x000001c0574f1c40, 0x000001c0574f1dd8]
Event: 1.034 Thread 0x000001c069d41000  813   !   3       java.util.zip.ZipFile$Source::readAt (39 bytes)
Event: 1.035 Thread 0x000001c06a287000 nmethod 806 0x000001c05e8fcb90 code [0x000001c05e8fce20, 0x000001c05e8fd720]
Event: 1.035 Thread 0x000001c069d41000 nmethod 813 0x000001c0574f1f10 code [0x000001c0574f2120, 0x000001c0574f2648]
Event: 1.035 Thread 0x000001c069d41000  814   !   3       java.util.zip.Inflater::setInput (69 bytes)
Event: 1.035 Thread 0x000001c069d41000 nmethod 814 0x000001c0574f2990 code [0x000001c0574f2b60, 0x000001c0574f2fc8]
Event: 1.046 Thread 0x000001c069d41000  815       3       java.net.URLClassLoader::getAndVerifyPackage (109 bytes)
Event: 1.047 Thread 0x000001c069d41000 nmethod 815 0x000001c0574f3110 code [0x000001c0574f3500, 0x000001c0574f4ee8]
Event: 1.047 Thread 0x000001c069d41000  816       3       jdk.internal.perf.PerfCounter::getReadClassBytesTime (4 bytes)
Event: 1.048 Thread 0x000001c069d41000 nmethod 816 0x000001c0574f5810 code [0x000001c0574f59c0, 0x000001c0574f5ab8]

GC Heap History (0 events):
No events

Deoptimization events (20 events):
Event: 0.820 Thread 0x000001c04ce93800 DEOPT PACKING pc=0x000001c05749cb50 sp=0x0000009f9b0f6f20
Event: 0.820 Thread 0x000001c04ce93800 DEOPT UNPACKING pc=0x000001c056e2a95e sp=0x0000009f9b0f63a8 mode 0
Event: 0.822 Thread 0x000001c04ce93800 DEOPT PACKING pc=0x000001c05749cb50 sp=0x0000009f9b0f7310
Event: 0.823 Thread 0x000001c04ce93800 DEOPT UNPACKING pc=0x000001c056e2a95e sp=0x0000009f9b0f6798 mode 0
Event: 0.846 Thread 0x000001c04ce93800 Uncommon trap: trap_request=0xffffffc6 fr.pc=0x000001c05e8e5a8c relative=0x00000000000010ec
Event: 0.846 Thread 0x000001c04ce93800 Uncommon trap: reason=bimorphic_or_optimized_type_check action=maybe_recompile pc=0x000001c05e8e5a8c method=java.util.HashMap.putVal(ILjava/lang/Object;Ljava/lang/Object;ZZ)Ljava/lang/Object; @ 91 c2
Event: 0.846 Thread 0x000001c04ce93800 DEOPT PACKING pc=0x000001c05e8e5a8c sp=0x0000009f9b0fab90
Event: 0.846 Thread 0x000001c04ce93800 DEOPT UNPACKING pc=0x000001c056e2a1af sp=0x0000009f9b0faac8 mode 2
Event: 0.847 Thread 0x000001c04ce93800 Uncommon trap: trap_request=0xffffffc6 fr.pc=0x000001c05e8e5a8c relative=0x00000000000010ec
Event: 0.847 Thread 0x000001c04ce93800 Uncommon trap: reason=bimorphic_or_optimized_type_check action=maybe_recompile pc=0x000001c05e8e5a8c method=java.util.HashMap.putVal(ILjava/lang/Object;Ljava/lang/Object;ZZ)Ljava/lang/Object; @ 91 c2
Event: 0.847 Thread 0x000001c04ce93800 DEOPT PACKING pc=0x000001c05e8e5a8c sp=0x0000009f9b0fabf0
Event: 0.847 Thread 0x000001c04ce93800 DEOPT UNPACKING pc=0x000001c056e2a1af sp=0x0000009f9b0fab28 mode 2
Event: 0.847 Thread 0x000001c04ce93800 Uncommon trap: trap_request=0xffffffc6 fr.pc=0x000001c05e8e5a8c relative=0x00000000000010ec
Event: 0.847 Thread 0x000001c04ce93800 Uncommon trap: reason=bimorphic_or_optimized_type_check action=maybe_recompile pc=0x000001c05e8e5a8c method=java.util.HashMap.putVal(ILjava/lang/Object;Ljava/lang/Object;ZZ)Ljava/lang/Object; @ 91 c2
Event: 0.847 Thread 0x000001c04ce93800 DEOPT PACKING pc=0x000001c05e8e5a8c sp=0x0000009f9b0fab80
Event: 0.847 Thread 0x000001c04ce93800 DEOPT UNPACKING pc=0x000001c056e2a1af sp=0x0000009f9b0faab8 mode 2
Event: 0.848 Thread 0x000001c04ce93800 Uncommon trap: trap_request=0xffffffc6 fr.pc=0x000001c05e8e5a8c relative=0x00000000000010ec
Event: 0.848 Thread 0x000001c04ce93800 Uncommon trap: reason=bimorphic_or_optimized_type_check action=maybe_recompile pc=0x000001c05e8e5a8c method=java.util.HashMap.putVal(ILjava/lang/Object;Ljava/lang/Object;ZZ)Ljava/lang/Object; @ 91 c2
Event: 0.848 Thread 0x000001c04ce93800 DEOPT PACKING pc=0x000001c05e8e5a8c sp=0x0000009f9b0fabb0
Event: 0.848 Thread 0x000001c04ce93800 DEOPT UNPACKING pc=0x000001c056e2a1af sp=0x0000009f9b0faae8 mode 2

Classes redefined (0 events):
No events

Internal exceptions (3 events):
Event: 0.287 Thread 0x000001c04ce93800 Exception <a 'java/lang/NoSuchMethodError'{0x00000000ffc636f0}: 'int java.lang.invoke.DirectMethodHandle$Holder.invokeStaticInit(java.lang.Object, java.lang.Object)'> (0x00000000ffc636f0) thrown at [./src/hotspot/share/interpreter/linkResolver.cpp, line 773]
Event: 0.351 Thread 0x000001c04ce93800 Exception <a 'java/lang/NoSuchMethodError'{0x00000000ffb38c58}: 'int java.lang.invoke.DirectMethodHandle$Holder.invokeSpecial(java.lang.Object, java.lang.Object, java.lang.Object, java.lang.Object)'> (0x00000000ffb38c58) thrown at [./src/hotspot/share/interpreter/linkResolver.cpp, line 773]
Event: 0.360 Thread 0x000001c04ce93800 Exception <a 'java/lang/NoSuchMethodError'{0x00000000ffb71020}: 'int java.lang.invoke.DirectMethodHandle$Holder.invokeSpecialIFC(java.lang.Object, java.lang.Object, int)'> (0x00000000ffb71020) thrown at [./src/hotspot/share/interpreter/linkResolver.cpp, line 773]

Events (20 events):
Event: 1.054 loading class org/gradle/internal/scripts/ScriptingLanguages$1
Event: 1.054 loading class org/gradle/internal/scripts/ScriptingLanguages$1 done
Event: 1.055 loading class org/gradle/initialization/StartParameterBuildOptions
Event: 1.055 loading class org/gradle/initialization/StartParameterBuildOptions done
Event: 1.056 loading class org/gradle/initialization/StartParameterBuildOptions$ProjectCacheDirOption
Event: 1.056 loading class org/gradle/initialization/StartParameterBuildOptions$ProjectCacheDirOption done
Event: 1.056 loading class org/gradle/initialization/StartParameterBuildOptions$RerunTasksOption
Event: 1.056 loading class org/gradle/initialization/StartParameterBuildOptions$RerunTasksOption done
Event: 1.056 loading class org/gradle/internal/buildoption/EnabledOnlyBooleanBuildOption
Event: 1.056 loading class org/gradle/internal/buildoption/EnabledOnlyBooleanBuildOption done
Event: 1.059 loading class org/gradle/initialization/StartParameterBuildOptions$ProfileOption
Event: 1.059 loading class org/gradle/initialization/StartParameterBuildOptions$ProfileOption done
Event: 1.059 loading class org/gradle/initialization/StartParameterBuildOptions$ContinueOption
Event: 1.059 loading class org/gradle/initialization/StartParameterBuildOptions$ContinueOption done
Event: 1.060 loading class org/gradle/initialization/StartParameterBuildOptions$OfflineOption
Event: 1.060 loading class org/gradle/initialization/StartParameterBuildOptions$OfflineOption done
Event: 1.060 loading class org/gradle/initialization/StartParameterBuildOptions$RefreshDependenciesOption
Event: 1.060 loading class org/gradle/initialization/StartParameterBuildOptions$RefreshDependenciesOption done
Event: 1.065 loading class org/gradle/initialization/StartParameterBuildOptions$DryRunOption
Event: 1.065 loading class org/gradle/initialization/StartParameterBuildOptions$DryRunOption done


Dynamic libraries:
0x00007ff6f0af0000 - 0x00007ff6f0afd000 	C:\Program Files\Microsoft\jdk-11.0.18.10-hotspot\bin\java.exe
0x00007ffb7d2b0000 - 0x00007ffb7d4a8000 	C:\WINDOWS\SYSTEM32\ntdll.dll
0x00007ffb7b2e0000 - 0x00007ffb7b39f000 	C:\WINDOWS\System32\KERNEL32.DLL
0x00007ffb7ab20000 - 0x00007ffb7ae16000 	C:\WINDOWS\System32\KERNELBASE.dll
0x00007ffb7b000000 - 0x00007ffb7b100000 	C:\WINDOWS\System32\ucrtbase.dll
0x00007ffb75280000 - 0x00007ffb75295000 	C:\Program Files\Microsoft\jdk-11.0.18.10-hotspot\bin\VCRUNTIME140.dll
0x00007ffb76160000 - 0x00007ffb76177000 	C:\Program Files\Microsoft\jdk-11.0.18.10-hotspot\bin\jli.dll
0x00007ffb7ba20000 - 0x00007ffb7bbbd000 	C:\WINDOWS\System32\USER32.dll
0x00007ffb6ba70000 - 0x00007ffb6bd0a000 	C:\WINDOWS\WinSxS\amd64_microsoft.windows.common-controls_6595b64144ccf1df_6.0.19041.1110_none_60b5254171f9507e\COMCTL32.dll
0x00007ffb7afd0000 - 0x00007ffb7aff2000 	C:\WINDOWS\System32\win32u.dll
0x00007ffb7cef0000 - 0x00007ffb7cf1c000 	C:\WINDOWS\System32\GDI32.dll
0x00007ffb7ca80000 - 0x00007ffb7cb1e000 	C:\WINDOWS\System32\msvcrt.dll
0x00007ffb7aa00000 - 0x00007ffb7ab15000 	C:\WINDOWS\System32\gdi32full.dll
0x00007ffb7a960000 - 0x00007ffb7a9fd000 	C:\WINDOWS\System32\msvcp_win.dll
0x00007ffb7b4e0000 - 0x00007ffb7b510000 	C:\WINDOWS\System32\IMM32.DLL
0x00007ffb512a0000 - 0x00007ffb5133b000 	C:\Program Files\Microsoft\jdk-11.0.18.10-hotspot\bin\msvcp140.dll
0x00007ffb3f260000 - 0x00007ffb3fdf2000 	C:\Program Files\Microsoft\jdk-11.0.18.10-hotspot\bin\server\jvm.dll
0x00007ffb7cc40000 - 0x00007ffb7ccef000 	C:\WINDOWS\System32\ADVAPI32.dll
0x00007ffb7cba0000 - 0x00007ffb7cc3c000 	C:\WINDOWS\System32\sechost.dll
0x00007ffb7b3b0000 - 0x00007ffb7b4d6000 	C:\WINDOWS\System32\RPCRT4.dll
0x00007ffb7b3a0000 - 0x00007ffb7b3a8000 	C:\WINDOWS\System32\PSAPI.DLL
0x00007ffb76290000 - 0x00007ffb76299000 	C:\WINDOWS\SYSTEM32\WSOCK32.dll
0x00007ffb6bef0000 - 0x00007ffb6bf17000 	C:\WINDOWS\SYSTEM32\WINMM.dll
0x00007ffb7d1d0000 - 0x00007ffb7d23b000 	C:\WINDOWS\System32\WS2_32.dll
0x00007ffb73ea0000 - 0x00007ffb73eaa000 	C:\WINDOWS\SYSTEM32\VERSION.dll
0x00007ffb791a0000 - 0x00007ffb791b2000 	C:\WINDOWS\SYSTEM32\kernel.appcore.dll
0x00007ffb754c0000 - 0x00007ffb754d0000 	C:\Program Files\Microsoft\jdk-11.0.18.10-hotspot\bin\verify.dll
0x00007ffb787e0000 - 0x00007ffb789c4000 	C:\WINDOWS\SYSTEM32\DBGHELP.DLL
0x00007ffb63d90000 - 0x00007ffb63dc4000 	C:\WINDOWS\SYSTEM32\dbgcore.DLL
0x00007ffb7ae20000 - 0x00007ffb7aea2000 	C:\WINDOWS\System32\bcryptPrimitives.dll
0x00007ffb64b60000 - 0x00007ffb64b88000 	C:\Program Files\Microsoft\jdk-11.0.18.10-hotspot\bin\java.dll
0x00007ffb75370000 - 0x00007ffb7537a000 	C:\Program Files\Microsoft\jdk-11.0.18.10-hotspot\bin\jimage.dll
0x00007ffb75230000 - 0x00007ffb75248000 	C:\Program Files\Microsoft\jdk-11.0.18.10-hotspot\bin\zip.dll
0x00007ffb7c330000 - 0x00007ffb7ca74000 	C:\WINDOWS\System32\SHELL32.dll
0x00007ffb789f0000 - 0x00007ffb79183000 	C:\WINDOWS\SYSTEM32\windows.storage.dll
0x00007ffb7b6c0000 - 0x00007ffb7ba14000 	C:\WINDOWS\System32\combase.dll
0x00007ffb7a3b0000 - 0x00007ffb7a3de000 	C:\WINDOWS\SYSTEM32\Wldp.dll
0x00007ffb7c090000 - 0x00007ffb7c13d000 	C:\WINDOWS\System32\SHCORE.dll
0x00007ffb7c2c0000 - 0x00007ffb7c315000 	C:\WINDOWS\System32\shlwapi.dll
0x00007ffb7a8a0000 - 0x00007ffb7a8bf000 	C:\WINDOWS\SYSTEM32\profapi.dll
0x00007ffb751c0000 - 0x00007ffb751d9000 	C:\Program Files\Microsoft\jdk-11.0.18.10-hotspot\bin\net.dll
0x00007ffb72090000 - 0x00007ffb7219a000 	C:\WINDOWS\SYSTEM32\WINHTTP.dll
0x00007ffb7a110000 - 0x00007ffb7a17a000 	C:\WINDOWS\system32\mswsock.dll
0x00007ffb75190000 - 0x00007ffb751a3000 	C:\Program Files\Microsoft\jdk-11.0.18.10-hotspot\bin\nio.dll

dbghelp: loaded successfully - version: 4.0.5 - missing functions: none
symbol engine: initialized successfully - sym options: 0x614 - pdb path: .;C:\Program Files\Microsoft\jdk-11.0.18.10-hotspot\bin;C:\WINDOWS\SYSTEM32;C:\WINDOWS\WinSxS\amd64_microsoft.windows.common-controls_6595b64144ccf1df_6.0.19041.1110_none_60b5254171f9507e;C:\Program Files\Microsoft\jdk-11.0.18.10-hotspot\bin\server

VM Arguments:
jvm_args: -Xmx64m -Xms64m -Dorg.gradle.appname=gradlew 
java_command: org.gradle.wrapper.GradleWrapperMain app:installDebug -PreactNativeDevServerPort=8081
java_class_path (initial): D:\Projetos\NubbleApp\android\\gradle\wrapper\gradle-wrapper.jar
Launcher Type: SUN_STANDARD

[Global flags]
     intx CICompilerCount                          = 4                                         {product} {ergonomic}
     uint ConcGCThreads                            = 2                                         {product} {ergonomic}
     uint G1ConcRefinementThreads                  = 8                                         {product} {ergonomic}
   size_t G1HeapRegionSize                         = 1048576                                   {product} {ergonomic}
    uintx GCDrainStackTargetSize                   = 64                                        {product} {ergonomic}
   size_t InitialHeapSize                          = 67108864                                  {product} {command line}
   size_t MarkStackSize                            = 4194304                                   {product} {ergonomic}
   size_t MaxHeapSize                              = 67108864                                  {product} {command line}
   size_t MaxNewSize                               = 39845888                                  {product} {ergonomic}
   size_t MinHeapDeltaBytes                        = 1048576                                   {product} {ergonomic}
    uintx NonNMethodCodeHeapSize                   = 5836300                                {pd product} {ergonomic}
    uintx NonProfiledCodeHeapSize                  = 122910970                              {pd product} {ergonomic}
    uintx ProfiledCodeHeapSize                     = 122910970                              {pd product} {ergonomic}
    uintx ReservedCodeCacheSize                    = 251658240                              {pd product} {ergonomic}
     bool SegmentedCodeCache                       = true                                      {product} {ergonomic}
     bool UseCompressedClassPointers               = true                                 {lp64_product} {ergonomic}
     bool UseCompressedOops                        = true                                 {lp64_product} {ergonomic}
     bool UseG1GC                                  = true                                      {product} {ergonomic}
     bool UseLargePagesIndividualAllocation        = false                                  {pd product} {ergonomic}

Logging:
Log output configuration:
 #0: stdout all=warning uptime,level,tags
 #1: stderr all=off uptime,level,tags

Environment Variables:
JAVA_HOME=C:\Program Files\Microsoft\jdk-11.0.18.10-hotspot\
CLASSPATH=D:\Projetos\NubbleApp\android\\gradle\wrapper\gradle-wrapper.jar
PATH=C:\Users\leona\AppData\Local\Temp\yarn--1689859738996-0.8358487778409667;D:\Projetos\NubbleApp\node_modules\.bin;C:\Users\leona\AppData\Local\Yarn\Data\link\node_modules\.bin;C:\Users\leona\AppData\Local\Yarn\bin;C:\Program Files\libexec\lib\node_modules\npm\bin\node-gyp-bin;C:\Program Files\lib\node_modules\npm\bin\node-gyp-bin;C:\Program Files\nodejs\node_modules\npm\bin\node-gyp-bin;C:\Users\leona\bin;C:\Program Files\Git\mingw64\bin;C:\Program Files\Git\usr\local\bin;C:\Program Files\Git\usr\bin;C:\Program Files\Git\usr\bin;C:\Program Files\Git\mingw64\bin;C:\Program Files\Git\usr\bin;C:\Users\leona\bin;C:\Program Files (x86)\Common Files\Oracle\Java\javapath;C:\Program Files\Microsoft\jdk-11.0.18.10-hotspot\bin;C:\Program Files\Eclipse Adoptium\jdk-11.0.18.10-hotspot\bin;C:\Program Files\Java\zulu11.54.25-ca-jdk11.0.14.1-win_x64\bin;C:\WINDOWS\system32;C:\WINDOWS;C:\WINDOWS\System32\Wbem;C:\WINDOWS\System32\WindowsPowerShell\v1.0;C:\WINDOWS\System32\OpenSSH;C:\Program Files\Java\jdk1.8.0_291;C:\Program Files\dotnet;C:\Program Files\Java\jdk1.8.0_301\bin;C:\ProgramData\UNIVALI\Portugol Studio;C:\Program Files\Git\cmd;C:\Program Files (x86)\dotnet;C:\ProgramData\chocolatey\bin;C:\Program Files\nodejs;C:\Program Files\MySQL\MySQL Server 8.0\bin;C:\Users\leona\AppData\Local\Android\Sdk\tools;C:\Users\leona\AppData\Local\Android\Sdk\tools;C:\Users\leona\AppData\Local\Android\Sdk\tools;C:\Users\leona\AppData\Local\Android\Sdk\tools;C:\Users\leona\AppData\Local\Microsoft\WindowsApps;C:\Users\leona\AppData\Roaming\npm;C:\Users\leona\AppData\Local\Programs\Microsoft VS Code\bin;C:\Users\leona\AppData\Local\Android\Sdk\platform-tools;C:\Program Files\Git\usr\bin\vendor_perl;C:\Program Files\Git\usr\bin\core_perl
USERNAME=leona
SHELL=C:\Program Files\Git\usr\bin\bash.exe
DISPLAY=needs-to-be-defined
LANG=en_US.UTF-8
TERM=xterm-256color
TMPDIR=C:\Users\leona\AppData\Local\Temp
OS=Windows_NT
PROCESSOR_IDENTIFIER=Intel64 Family 6 Model 158 Stepping 9, GenuineIntel
TMP=C:\Users\leona\AppData\Local\Temp
TEMP=C:\Users\leona\AppData\Local\Temp



---------------  S Y S T E M  ---------------

OS: Windows 10 , 64 bit Build 19041 (10.0.19041.3031)
OS uptime: 26 days 23:01 hours

CPU:total 8 (initial active 8) (4 cores per cpu, 2 threads per core) family 6 model 158 stepping 9 microcode 0xb4, cmov, cx8, fxsr, mmx, sse, sse2, sse3, ssse3, sse4.1, sse4.2, popcnt, avx, avx2, aes, clmul, erms, 3dnowpref, lzcnt, ht, tsc, tscinvbit, bmi1, bmi2, adx, fma

Memory: 4k page, system-wide physical 16024M (660M free)
TotalPageFile size 46412M (AvailPageFile size 2M)
current process WorkingSet (physical memory assigned to process): 74M, peak: 74M
current process commit charge ("private bytes"): 155M, peak: 155M

vm_info: OpenJDK 64-Bit Server VM (11.0.18+10-LTS) for windows-amd64 JRE (11.0.18+10-LTS), built on Jan 18 2023 15:56:47 by "MicrosoftCorporation" with MS VC++ 15.9 (VS2017)

END.
