#
# There is insufficient memory for the Java Runtime Environment to continue.
# Native memory allocation (malloc) failed to allocate 1890576 bytes for Chunk::new
# Possible reasons:
#   The system is out of physical RAM or swap space
#   The process is running with CompressedOops enabled, and the Java Heap may be blocking the growth of the native heap
# Possible solutions:
#   Reduce memory load on the system
#   Increase physical memory or swap space
#   Check if swap backing store is full
#   Decrease Java heap size (-Xmx/-Xms)
#   Decrease number of Java threads
#   Decrease Java thread stack sizes (-Xss)
#   Set larger code cache with -XX:ReservedCodeCacheSize=
#   JVM is running with Zero Based Compressed Oops mode in which the Java heap is
#     placed in the first 32GB address space. The Java Heap base address is the
#     maximum limit for the native heap growth. Please use -XX:HeapBaseMinAddress
#     to set the Java Heap base and to place the Java Heap above 32GB virtual address.
# This output file may be truncated or incomplete.
#
#  Out of Memory Error (./src/hotspot/share/memory/arena.cpp:197), pid=26232, tid=7580
#
# JRE version: OpenJDK Runtime Environment Microsoft-7208460 (11.0.18+10) (build 11.0.18+10-LTS)
# Java VM: OpenJDK 64-Bit Server VM Microsoft-7208460 (11.0.18+10-LTS, mixed mode, tiered, compressed oops, g1 gc, windows-amd64)
# No core dump will be written. Minidumps are not enabled by default on client versions of Windows
#

---------------  S U M M A R Y ------------

Command Line: org.jetbrains.kotlin.cli.jvm.K2JVMCompiler @D:\Projetos\NubbleApp\node_modules\react-native-safe-area-context\android\build\20230717_1788217137719701185.compiler.options

Host: Intel(R) Core(TM) i7-7700HQ CPU @ 2.80GHz, 8 cores, 15G,  Windows 10 , 64 bit Build 19041 (10.0.19041.3031)
Time: Mon Jul 17 09:41:32 2023 Hora oficial do Brasil elapsed time: 21.080500 seconds (0d 0h 0m 21s)

---------------  T H R E A D  ---------------

Current thread (0x000002884021d800):  JavaThread "C2 CompilerThread0" daemon [_thread_in_native, id=7580, stack(0x000000b0fcf00000,0x000000b0fd000000)]


Current CompileTask:
C2:  21080 8654       4       org.jetbrains.kotlin.load.java.structure.impl.classFiles.BinaryJavaMethodBase$Companion::create (572 bytes)

Stack: [0x000000b0fcf00000,0x000000b0fd000000]
Native frames: (J=compiled Java code, j=interpreted, Vv=VM code, C=native code)
V  [jvm.dll+0x62bf8a]
V  [jvm.dll+0x7b8fb9]
V  [jvm.dll+0x7ba6a8]
V  [jvm.dll+0x7bad83]
V  [jvm.dll+0x250248]
V  [jvm.dll+0xc260c]
V  [jvm.dll+0xc2bcc]
V  [jvm.dll+0x35e182]
V  [jvm.dll+0x19ebe9]
V  [jvm.dll+0x209495]
V  [jvm.dll+0x20850d]
V  [jvm.dll+0x18a4b1]
V  [jvm.dll+0x217eec]
V  [jvm.dll+0x21612b]
V  [jvm.dll+0x77bac0]
V  [jvm.dll+0x7749f4]
V  [jvm.dll+0x62adf5]
C  [ucrtbase.dll+0x21bb2]
C  [KERNEL32.DLL+0x17614]
C  [ntdll.dll+0x526f1]


---------------  P R O C E S S  ---------------

Threads class SMR info:
_java_thread_list=0x00000288442508b0, length=12, elements={
0x000002881c706800, 0x00000288401f1800, 0x0000028840aa3800, 0x0000028840217000,
0x0000028840219000, 0x000002884021a800, 0x000002884021d800, 0x0000028840acb800,
0x0000028840b6e800, 0x0000028840ca0800, 0x0000028844348800, 0x0000028845260000
}

Java Threads: ( => current thread )
  0x000002881c706800 JavaThread "main" [_thread_in_Java, id=39316, stack(0x000000b0fc200000,0x000000b0fc300000)]
  0x00000288401f1800 JavaThread "Reference Handler" daemon [_thread_blocked, id=31692, stack(0x000000b0fca00000,0x000000b0fcb00000)]
  0x0000028840aa3800 JavaThread "Finalizer" daemon [_thread_blocked, id=34928, stack(0x000000b0fcb00000,0x000000b0fcc00000)]
  0x0000028840217000 JavaThread "Signal Dispatcher" daemon [_thread_blocked, id=37440, stack(0x000000b0fcc00000,0x000000b0fcd00000)]
  0x0000028840219000 JavaThread "Attach Listener" daemon [_thread_blocked, id=7304, stack(0x000000b0fcd00000,0x000000b0fce00000)]
  0x000002884021a800 JavaThread "Service Thread" daemon [_thread_blocked, id=23632, stack(0x000000b0fce00000,0x000000b0fcf00000)]
=>0x000002884021d800 JavaThread "C2 CompilerThread0" daemon [_thread_in_native, id=7580, stack(0x000000b0fcf00000,0x000000b0fd000000)]
  0x0000028840acb800 JavaThread "C1 CompilerThread0" daemon [_thread_in_native, id=31056, stack(0x000000b0fd000000,0x000000b0fd100000)]
  0x0000028840b6e800 JavaThread "Sweeper thread" daemon [_thread_blocked, id=37780, stack(0x000000b0fd100000,0x000000b0fd200000)]
  0x0000028840ca0800 JavaThread "Common-Cleaner" daemon [_thread_blocked, id=31464, stack(0x000000b0fd300000,0x000000b0fd400000)]
  0x0000028844348800 JavaThread "C2 CompilerThread1" daemon [_thread_blocked, id=16636, stack(0x000000b0fda00000,0x000000b0fdb00000)]
  0x0000028845260000 JavaThread "C2 CompilerThread2" daemon [_thread_blocked, id=268, stack(0x000000b0fdb00000,0x000000b0fdc00000)]

Other Threads:
  0x00000288401ec800 VMThread "VM Thread" [stack: 0x000000b0fc900000,0x000000b0fca00000] [id=13780]
  0x0000028840c9a800 WatcherThread [stack: 0x000000b0fd200000,0x000000b0fd300000] [id=22768]
  0x000002881c71f000 GCTaskThread "GC Thread#0" [stack: 0x000000b0fc400000,0x000000b0fc500000] [id=27308]
  0x000002884130c800 GCTaskThread "GC Thread#1" [stack: 0x000000b0fd400000,0x000000b0fd500000] [id=40640]
  0x0000028840e1d800 GCTaskThread "GC Thread#2" [stack: 0x000000b0fd500000,0x000000b0fd600000] [id=32900]
  0x0000028841392000 GCTaskThread "GC Thread#3" [stack: 0x000000b0fd600000,0x000000b0fd700000] [id=40452]
  0x0000028841392800 GCTaskThread "GC Thread#4" [stack: 0x000000b0fd700000,0x000000b0fd800000] [id=32844]
  0x0000028841393800 GCTaskThread "GC Thread#5" [stack: 0x000000b0fd800000,0x000000b0fd900000] [id=21204]
  0x000002881c77a800 ConcurrentGCThread "G1 Main Marker" [stack: 0x000000b0fc500000,0x000000b0fc600000] [id=31868]
  0x000002881c77d000 ConcurrentGCThread "G1 Conc#0" [stack: 0x000000b0fc600000,0x000000b0fc700000] [id=36724]
  0x0000028841651800 ConcurrentGCThread "G1 Conc#1" [stack: 0x000000b0fd900000,0x000000b0fda00000] [id=8988]
  0x00000288400da800 ConcurrentGCThread "G1 Refine#0" [stack: 0x000000b0fc700000,0x000000b0fc800000] [id=16728]
  0x0000028845494000 ConcurrentGCThread "G1 Refine#1" [stack: 0x000000b0fdc00000,0x000000b0fdd00000] [id=21780]
  0x00000288400db800 ConcurrentGCThread "G1 Young RemSet Sampling" [stack: 0x000000b0fc800000,0x000000b0fc900000] [id=30608]

Threads with active compile tasks:
C2 CompilerThread0    21108 8654       4       org.jetbrains.kotlin.load.java.structure.impl.classFiles.BinaryJavaMethodBase$Companion::create (572 bytes)
C1 CompilerThread0    21108 8924       3       org.jetbrains.kotlin.resolve.calls.checkers.CoroutineSuspendCallChecker::check (467 bytes)

VM state:not at safepoint (normal execution)

VM Mutex/Monitor currently owned by a thread: None

Heap address: 0x0000000705800000, size: 4008 MB, Compressed Oops mode: Zero based, Oop shift amount: 3
Narrow klass base: 0x0000000800000000, Narrow klass shift: 0
Compressed class space size: 1073741824 Address: 0x0000000800000000

Heap:
 garbage-first heap   total 334848K, used 84367K [0x0000000705800000, 0x0000000800000000)
  region size 1024K, 53 young (54272K), 15 survivors (15360K)
 Metaspace       used 65738K, capacity 66591K, committed 66760K, reserved 1107968K
  class space    used 7446K, capacity 7800K, committed 7884K, reserved 1048576K
Heap Regions: E=young(eden), S=young(survivor), O=old, HS=humongous(starts), HC=humongous(continues), CS=collection set, F=free, A=archive, TAMS=top-at-mark-start (previous, next)
|   0|0x0000000705800000, 0x0000000705900000, 0x0000000705900000|100%|HS|  |TAMS 0x0000000705900000, 0x0000000705800000| Complete 
|   1|0x0000000705900000, 0x0000000705a00000, 0x0000000705a00000|100%|HC|  |TAMS 0x0000000705a00000, 0x0000000705900000| Complete 
|   2|0x0000000705a00000, 0x0000000705b00000, 0x0000000705b00000|100%|HC|  |TAMS 0x0000000705b00000, 0x0000000705a00000| Complete 
|   3|0x0000000705b00000, 0x0000000705c00000, 0x0000000705c00000|100%|HS|  |TAMS 0x0000000705c00000, 0x0000000705b00000| Complete 
|   4|0x0000000705c00000, 0x0000000705d00000, 0x0000000705d00000|100%|HC|  |TAMS 0x0000000705d00000, 0x0000000705c00000| Complete 
|   5|0x0000000705d00000, 0x0000000705e00000, 0x0000000705e00000|100%|HC|  |TAMS 0x0000000705e00000, 0x0000000705d00000| Complete 
|   6|0x0000000705e00000, 0x0000000705f00000, 0x0000000705f00000|100%|HS|  |TAMS 0x0000000705f00000, 0x0000000705e00000| Complete 
|   7|0x0000000705f00000, 0x0000000706000000, 0x0000000706000000|100%|HC|  |TAMS 0x0000000706000000, 0x0000000705f00000| Complete 
|   8|0x0000000706000000, 0x0000000706100000, 0x0000000706100000|100%| O|  |TAMS 0x0000000706100000, 0x0000000706000000| Untracked 
|   9|0x0000000706100000, 0x0000000706200000, 0x0000000706200000|100%| O|  |TAMS 0x0000000706200000, 0x0000000706100000| Untracked 
|  10|0x0000000706200000, 0x0000000706300000, 0x0000000706300000|100%| O|  |TAMS 0x0000000706300000, 0x0000000706200000| Untracked 
|  11|0x0000000706300000, 0x0000000706400000, 0x0000000706400000|100%| O|  |TAMS 0x0000000706400000, 0x0000000706300000| Untracked 
|  12|0x0000000706400000, 0x0000000706500000, 0x0000000706500000|100%| O|  |TAMS 0x0000000706500000, 0x0000000706400000| Untracked 
|  13|0x0000000706500000, 0x0000000706600000, 0x0000000706600000|100%| O|  |TAMS 0x0000000706600000, 0x0000000706500000| Untracked 
|  14|0x0000000706600000, 0x0000000706700000, 0x0000000706700000|100%| O|  |TAMS 0x0000000706700000, 0x0000000706600000| Untracked 
|  15|0x0000000706700000, 0x0000000706800000, 0x0000000706800000|100%| O|  |TAMS 0x0000000706800000, 0x0000000706700000| Untracked 
|  16|0x0000000706800000, 0x0000000706900000, 0x0000000706900000|100%| O|  |TAMS 0x0000000706900000, 0x0000000706800000| Untracked 
|  17|0x0000000706900000, 0x0000000706a00000, 0x0000000706a00000|100%| O|  |TAMS 0x0000000706a00000, 0x0000000706900000| Untracked 
|  18|0x0000000706a00000, 0x0000000706b00000, 0x0000000706b00000|100%| O|  |TAMS 0x0000000706b00000, 0x0000000706a00000| Untracked 
|  19|0x0000000706b00000, 0x0000000706c00000, 0x0000000706c00000|100%| O|  |TAMS 0x0000000706c00000, 0x0000000706b00000| Untracked 
|  20|0x0000000706c00000, 0x0000000706d00000, 0x0000000706d00000|100%| O|  |TAMS 0x0000000706d00000, 0x0000000706c00000| Untracked 
|  21|0x0000000706d00000, 0x0000000706e00000, 0x0000000706e00000|100%| O|  |TAMS 0x0000000706e00000, 0x0000000706d00000| Untracked 
|  22|0x0000000706e00000, 0x0000000706f00000, 0x0000000706f00000|100%| O|  |TAMS 0x0000000706e66400, 0x0000000706e00000| Untracked 
|  23|0x0000000706f00000, 0x0000000707000000, 0x0000000707000000|100%| O|  |TAMS 0x0000000706f00000, 0x0000000706f00000| Untracked 
|  24|0x0000000707000000, 0x0000000707100000, 0x0000000707100000|100%| O|  |TAMS 0x0000000707000000, 0x0000000707000000| Untracked 
|  25|0x0000000707100000, 0x0000000707200000, 0x0000000707200000|100%| O|  |TAMS 0x0000000707100000, 0x0000000707100000| Untracked 
|  26|0x0000000707200000, 0x0000000707300000, 0x0000000707300000|100%| O|  |TAMS 0x0000000707200000, 0x0000000707200000| Untracked 
|  27|0x0000000707300000, 0x0000000707400000, 0x0000000707400000|100%| O|  |TAMS 0x0000000707300000, 0x0000000707300000| Untracked 
|  28|0x0000000707400000, 0x0000000707500000, 0x0000000707500000|100%| O|  |TAMS 0x0000000707400000, 0x0000000707400000| Untracked 
|  29|0x0000000707500000, 0x0000000707600000, 0x0000000707600000|100%| O|  |TAMS 0x0000000707500000, 0x0000000707500000| Untracked 
|  30|0x0000000707600000, 0x0000000707663c00, 0x0000000707700000| 38%| O|  |TAMS 0x0000000707600000, 0x0000000707600000| Untracked 
|  31|0x0000000707700000, 0x0000000707700000, 0x0000000707800000|  0%| F|  |TAMS 0x0000000707700000, 0x0000000707700000| Untracked 
|  32|0x0000000707800000, 0x0000000707800000, 0x0000000707900000|  0%| F|  |TAMS 0x0000000707800000, 0x0000000707800000| Untracked 
|  33|0x0000000707900000, 0x0000000707900000, 0x0000000707a00000|  0%| F|  |TAMS 0x0000000707900000, 0x0000000707900000| Untracked 
|  34|0x0000000707a00000, 0x0000000707a00000, 0x0000000707b00000|  0%| F|  |TAMS 0x0000000707a00000, 0x0000000707a00000| Untracked 
|  35|0x0000000707b00000, 0x0000000707b00000, 0x0000000707c00000|  0%| F|  |TAMS 0x0000000707b00000, 0x0000000707b00000| Untracked 
|  36|0x0000000707c00000, 0x0000000707c00000, 0x0000000707d00000|  0%| F|  |TAMS 0x0000000707c00000, 0x0000000707c00000| Untracked 
|  37|0x0000000707d00000, 0x0000000707d00000, 0x0000000707e00000|  0%| F|  |TAMS 0x0000000707d00000, 0x0000000707d00000| Untracked 
|  38|0x0000000707e00000, 0x0000000707e00000, 0x0000000707f00000|  0%| F|  |TAMS 0x0000000707e00000, 0x0000000707e00000| Untracked 
|  39|0x0000000707f00000, 0x0000000707f00000, 0x0000000708000000|  0%| F|  |TAMS 0x0000000707f00000, 0x0000000707f00000| Untracked 
|  40|0x0000000708000000, 0x0000000708000000, 0x0000000708100000|  0%| F|  |TAMS 0x0000000708000000, 0x0000000708000000| Untracked 
|  41|0x0000000708100000, 0x0000000708100000, 0x0000000708200000|  0%| F|  |TAMS 0x0000000708100000, 0x0000000708100000| Untracked 
|  42|0x0000000708200000, 0x0000000708200000, 0x0000000708300000|  0%| F|  |TAMS 0x0000000708200000, 0x0000000708200000| Untracked 
|  43|0x0000000708300000, 0x0000000708300000, 0x0000000708400000|  0%| F|  |TAMS 0x0000000708300000, 0x0000000708300000| Untracked 
|  44|0x0000000708400000, 0x0000000708400000, 0x0000000708500000|  0%| F|  |TAMS 0x0000000708400000, 0x0000000708400000| Untracked 
|  45|0x0000000708500000, 0x0000000708500000, 0x0000000708600000|  0%| F|  |TAMS 0x0000000708500000, 0x0000000708500000| Untracked 
|  46|0x0000000708600000, 0x0000000708600000, 0x0000000708700000|  0%| F|  |TAMS 0x0000000708600000, 0x0000000708600000| Untracked 
|  47|0x0000000708700000, 0x0000000708700000, 0x0000000708800000|  0%| F|  |TAMS 0x0000000708700000, 0x0000000708700000| Untracked 
|  48|0x0000000708800000, 0x0000000708800000, 0x0000000708900000|  0%| F|  |TAMS 0x0000000708800000, 0x0000000708800000| Untracked 
|  49|0x0000000708900000, 0x0000000708900000, 0x0000000708a00000|  0%| F|  |TAMS 0x0000000708900000, 0x0000000708900000| Untracked 
|  50|0x0000000708a00000, 0x0000000708a00000, 0x0000000708b00000|  0%| F|  |TAMS 0x0000000708a00000, 0x0000000708a00000| Untracked 
|  51|0x0000000708b00000, 0x0000000708b00000, 0x0000000708c00000|  0%| F|  |TAMS 0x0000000708b00000, 0x0000000708b00000| Untracked 
|  52|0x0000000708c00000, 0x0000000708c00000, 0x0000000708d00000|  0%| F|  |TAMS 0x0000000708c00000, 0x0000000708c00000| Untracked 
|  53|0x0000000708d00000, 0x0000000708d00000, 0x0000000708e00000|  0%| F|  |TAMS 0x0000000708d00000, 0x0000000708d00000| Untracked 
|  54|0x0000000708e00000, 0x0000000708e00000, 0x0000000708f00000|  0%| F|  |TAMS 0x0000000708e00000, 0x0000000708e00000| Untracked 
|  55|0x0000000708f00000, 0x0000000708f00000, 0x0000000709000000|  0%| F|  |TAMS 0x0000000708f00000, 0x0000000708f00000| Untracked 
|  56|0x0000000709000000, 0x0000000709000000, 0x0000000709100000|  0%| F|  |TAMS 0x0000000709000000, 0x0000000709000000| Untracked 
|  57|0x0000000709100000, 0x0000000709100000, 0x0000000709200000|  0%| F|  |TAMS 0x0000000709100000, 0x0000000709100000| Untracked 
|  58|0x0000000709200000, 0x0000000709200000, 0x0000000709300000|  0%| F|  |TAMS 0x0000000709200000, 0x0000000709200000| Untracked 
|  59|0x0000000709300000, 0x0000000709300000, 0x0000000709400000|  0%| F|  |TAMS 0x0000000709300000, 0x0000000709300000| Untracked 
|  60|0x0000000709400000, 0x0000000709400000, 0x0000000709500000|  0%| F|  |TAMS 0x0000000709400000, 0x0000000709400000| Untracked 
|  61|0x0000000709500000, 0x0000000709500000, 0x0000000709600000|  0%| F|  |TAMS 0x0000000709500000, 0x0000000709500000| Untracked 
|  62|0x0000000709600000, 0x0000000709600000, 0x0000000709700000|  0%| F|  |TAMS 0x0000000709600000, 0x0000000709600000| Untracked 
|  63|0x0000000709700000, 0x0000000709700000, 0x0000000709800000|  0%| F|  |TAMS 0x0000000709700000, 0x0000000709700000| Untracked 
|  64|0x0000000709800000, 0x0000000709800000, 0x0000000709900000|  0%| F|  |TAMS 0x0000000709800000, 0x0000000709800000| Untracked 
|  65|0x0000000709900000, 0x0000000709900000, 0x0000000709a00000|  0%| F|  |TAMS 0x0000000709900000, 0x0000000709900000| Untracked 
|  66|0x0000000709a00000, 0x0000000709a00000, 0x0000000709b00000|  0%| F|  |TAMS 0x0000000709a00000, 0x0000000709a00000| Untracked 
|  67|0x0000000709b00000, 0x0000000709b00000, 0x0000000709c00000|  0%| F|  |TAMS 0x0000000709b00000, 0x0000000709b00000| Untracked 
|  68|0x0000000709c00000, 0x0000000709c00000, 0x0000000709d00000|  0%| F|  |TAMS 0x0000000709c00000, 0x0000000709c00000| Untracked 
|  69|0x0000000709d00000, 0x0000000709d00000, 0x0000000709e00000|  0%| F|  |TAMS 0x0000000709d00000, 0x0000000709d00000| Untracked 
|  70|0x0000000709e00000, 0x0000000709e00000, 0x0000000709f00000|  0%| F|  |TAMS 0x0000000709e00000, 0x0000000709e00000| Untracked 
|  71|0x0000000709f00000, 0x0000000709f00000, 0x000000070a000000|  0%| F|  |TAMS 0x0000000709f00000, 0x0000000709f00000| Untracked 
|  72|0x000000070a000000, 0x000000070a000000, 0x000000070a100000|  0%| F|  |TAMS 0x000000070a000000, 0x000000070a000000| Untracked 
|  73|0x000000070a100000, 0x000000070a100000, 0x000000070a200000|  0%| F|  |TAMS 0x000000070a100000, 0x000000070a100000| Untracked 
|  74|0x000000070a200000, 0x000000070a200000, 0x000000070a300000|  0%| F|  |TAMS 0x000000070a200000, 0x000000070a200000| Untracked 
|  75|0x000000070a300000, 0x000000070a300000, 0x000000070a400000|  0%| F|  |TAMS 0x000000070a300000, 0x000000070a300000| Untracked 
|  76|0x000000070a400000, 0x000000070a400000, 0x000000070a500000|  0%| F|  |TAMS 0x000000070a400000, 0x000000070a400000| Untracked 
|  77|0x000000070a500000, 0x000000070a500000, 0x000000070a600000|  0%| F|  |TAMS 0x000000070a500000, 0x000000070a500000| Untracked 
|  78|0x000000070a600000, 0x000000070a600000, 0x000000070a700000|  0%| F|  |TAMS 0x000000070a600000, 0x000000070a600000| Untracked 
|  79|0x000000070a700000, 0x000000070a700000, 0x000000070a800000|  0%| F|  |TAMS 0x000000070a700000, 0x000000070a700000| Untracked 
|  80|0x000000070a800000, 0x000000070a800000, 0x000000070a900000|  0%| F|  |TAMS 0x000000070a800000, 0x000000070a800000| Untracked 
|  81|0x000000070a900000, 0x000000070a900000, 0x000000070aa00000|  0%| F|  |TAMS 0x000000070a900000, 0x000000070a900000| Untracked 
|  82|0x000000070aa00000, 0x000000070aa00000, 0x000000070ab00000|  0%| F|  |TAMS 0x000000070aa00000, 0x000000070aa00000| Untracked 
|  83|0x000000070ab00000, 0x000000070ab00000, 0x000000070ac00000|  0%| F|  |TAMS 0x000000070ab00000, 0x000000070ab00000| Untracked 
|  84|0x000000070ac00000, 0x000000070ac00000, 0x000000070ad00000|  0%| F|  |TAMS 0x000000070ac00000, 0x000000070ac00000| Untracked 
|  85|0x000000070ad00000, 0x000000070ad00000, 0x000000070ae00000|  0%| F|  |TAMS 0x000000070ad00000, 0x000000070ad00000| Untracked 
|  86|0x000000070ae00000, 0x000000070ae00000, 0x000000070af00000|  0%| F|  |TAMS 0x000000070ae00000, 0x000000070ae00000| Untracked 
|  87|0x000000070af00000, 0x000000070af00000, 0x000000070b000000|  0%| F|  |TAMS 0x000000070af00000, 0x000000070af00000| Untracked 
|  88|0x000000070b000000, 0x000000070b000000, 0x000000070b100000|  0%| F|  |TAMS 0x000000070b000000, 0x000000070b000000| Untracked 
|  89|0x000000070b100000, 0x000000070b100000, 0x000000070b200000|  0%| F|  |TAMS 0x000000070b100000, 0x000000070b100000| Untracked 
|  90|0x000000070b200000, 0x000000070b200000, 0x000000070b300000|  0%| F|  |TAMS 0x000000070b200000, 0x000000070b200000| Untracked 
|  91|0x000000070b300000, 0x000000070b300000, 0x000000070b400000|  0%| F|  |TAMS 0x000000070b300000, 0x000000070b300000| Untracked 
|  92|0x000000070b400000, 0x000000070b400000, 0x000000070b500000|  0%| F|  |TAMS 0x000000070b400000, 0x000000070b400000| Untracked 
|  93|0x000000070b500000, 0x000000070b500000, 0x000000070b600000|  0%| F|  |TAMS 0x000000070b500000, 0x000000070b500000| Untracked 
|  94|0x000000070b600000, 0x000000070b600000, 0x000000070b700000|  0%| F|  |TAMS 0x000000070b600000, 0x000000070b600000| Untracked 
|  95|0x000000070b700000, 0x000000070b700000, 0x000000070b800000|  0%| F|  |TAMS 0x000000070b700000, 0x000000070b700000| Untracked 
|  96|0x000000070b800000, 0x000000070b800000, 0x000000070b900000|  0%| F|  |TAMS 0x000000070b800000, 0x000000070b800000| Untracked 
|  97|0x000000070b900000, 0x000000070b900000, 0x000000070ba00000|  0%| F|  |TAMS 0x000000070b900000, 0x000000070b900000| Untracked 
|  98|0x000000070ba00000, 0x000000070ba00000, 0x000000070bb00000|  0%| F|  |TAMS 0x000000070ba00000, 0x000000070ba00000| Untracked 
|  99|0x000000070bb00000, 0x000000070bb00000, 0x000000070bc00000|  0%| F|  |TAMS 0x000000070bb00000, 0x000000070bb00000| Untracked 
| 100|0x000000070bc00000, 0x000000070bc00000, 0x000000070bd00000|  0%| F|  |TAMS 0x000000070bc00000, 0x000000070bc00000| Untracked 
| 101|0x000000070bd00000, 0x000000070bd00000, 0x000000070be00000|  0%| F|  |TAMS 0x000000070bd00000, 0x000000070bd00000| Untracked 
| 102|0x000000070be00000, 0x000000070be00000, 0x000000070bf00000|  0%| F|  |TAMS 0x000000070be00000, 0x000000070be00000| Untracked 
| 103|0x000000070bf00000, 0x000000070bf00000, 0x000000070c000000|  0%| F|  |TAMS 0x000000070bf00000, 0x000000070bf00000| Untracked 
| 104|0x000000070c000000, 0x000000070c000000, 0x000000070c100000|  0%| F|  |TAMS 0x000000070c000000, 0x000000070c000000| Untracked 
| 105|0x000000070c100000, 0x000000070c100000, 0x000000070c200000|  0%| F|  |TAMS 0x000000070c100000, 0x000000070c100000| Untracked 
| 106|0x000000070c200000, 0x000000070c200000, 0x000000070c300000|  0%| F|  |TAMS 0x000000070c200000, 0x000000070c200000| Untracked 
| 107|0x000000070c300000, 0x000000070c300000, 0x000000070c400000|  0%| F|  |TAMS 0x000000070c300000, 0x000000070c300000| Untracked 
| 108|0x000000070c400000, 0x000000070c400000, 0x000000070c500000|  0%| F|  |TAMS 0x000000070c400000, 0x000000070c400000| Untracked 
| 109|0x000000070c500000, 0x000000070c500000, 0x000000070c600000|  0%| F|  |TAMS 0x000000070c500000, 0x000000070c500000| Untracked 
| 110|0x000000070c600000, 0x000000070c600000, 0x000000070c700000|  0%| F|  |TAMS 0x000000070c600000, 0x000000070c600000| Untracked 
| 111|0x000000070c700000, 0x000000070c700000, 0x000000070c800000|  0%| F|  |TAMS 0x000000070c700000, 0x000000070c700000| Untracked 
| 112|0x000000070c800000, 0x000000070c800000, 0x000000070c900000|  0%| F|  |TAMS 0x000000070c800000, 0x000000070c800000| Untracked 
| 113|0x000000070c900000, 0x000000070c900000, 0x000000070ca00000|  0%| F|  |TAMS 0x000000070c900000, 0x000000070c900000| Untracked 
| 114|0x000000070ca00000, 0x000000070ca00000, 0x000000070cb00000|  0%| F|  |TAMS 0x000000070ca00000, 0x000000070ca00000| Untracked 
| 115|0x000000070cb00000, 0x000000070cb00000, 0x000000070cc00000|  0%| F|  |TAMS 0x000000070cb00000, 0x000000070cb00000| Untracked 
| 116|0x000000070cc00000, 0x000000070cc00000, 0x000000070cd00000|  0%| F|  |TAMS 0x000000070cc00000, 0x000000070cc00000| Untracked 
| 117|0x000000070cd00000, 0x000000070cd00000, 0x000000070ce00000|  0%| F|  |TAMS 0x000000070cd00000, 0x000000070cd00000| Untracked 
| 118|0x000000070ce00000, 0x000000070ce00000, 0x000000070cf00000|  0%| F|  |TAMS 0x000000070ce00000, 0x000000070ce00000| Untracked 
| 119|0x000000070cf00000, 0x000000070cf00000, 0x000000070d000000|  0%| F|  |TAMS 0x000000070cf00000, 0x000000070cf00000| Untracked 
| 120|0x000000070d000000, 0x000000070d000000, 0x000000070d100000|  0%| F|  |TAMS 0x000000070d000000, 0x000000070d000000| Untracked 
| 121|0x000000070d100000, 0x000000070d100000, 0x000000070d200000|  0%| F|  |TAMS 0x000000070d100000, 0x000000070d100000| Untracked 
| 122|0x000000070d200000, 0x000000070d200000, 0x000000070d300000|  0%| F|  |TAMS 0x000000070d200000, 0x000000070d200000| Untracked 
| 123|0x000000070d300000, 0x000000070d400000, 0x000000070d400000|100%| S|CS|TAMS 0x000000070d300000, 0x000000070d300000| Complete 
| 124|0x000000070d400000, 0x000000070d500000, 0x000000070d500000|100%| S|CS|TAMS 0x000000070d400000, 0x000000070d400000| Complete 
| 125|0x000000070d500000, 0x000000070d600000, 0x000000070d600000|100%| S|CS|TAMS 0x000000070d500000, 0x000000070d500000| Complete 
| 126|0x000000070d600000, 0x000000070d700000, 0x000000070d700000|100%| S|CS|TAMS 0x000000070d600000, 0x000000070d600000| Complete 
| 127|0x000000070d700000, 0x000000070d800000, 0x000000070d800000|100%| S|CS|TAMS 0x000000070d700000, 0x000000070d700000| Complete 
| 128|0x000000070d800000, 0x000000070d900000, 0x000000070d900000|100%| S|CS|TAMS 0x000000070d800000, 0x000000070d800000| Complete 
| 129|0x000000070d900000, 0x000000070da00000, 0x000000070da00000|100%| S|CS|TAMS 0x000000070d900000, 0x000000070d900000| Complete 
| 130|0x000000070da00000, 0x000000070db00000, 0x000000070db00000|100%| S|CS|TAMS 0x000000070da00000, 0x000000070da00000| Complete 
| 131|0x000000070db00000, 0x000000070dc00000, 0x000000070dc00000|100%| S|CS|TAMS 0x000000070db00000, 0x000000070db00000| Complete 
| 132|0x000000070dc00000, 0x000000070dd00000, 0x000000070dd00000|100%| S|CS|TAMS 0x000000070dc00000, 0x000000070dc00000| Complete 
| 133|0x000000070dd00000, 0x000000070de00000, 0x000000070de00000|100%| S|CS|TAMS 0x000000070dd00000, 0x000000070dd00000| Complete 
| 134|0x000000070de00000, 0x000000070df00000, 0x000000070df00000|100%| S|CS|TAMS 0x000000070de00000, 0x000000070de00000| Complete 
| 135|0x000000070df00000, 0x000000070e000000, 0x000000070e000000|100%| S|CS|TAMS 0x000000070df00000, 0x000000070df00000| Complete 
| 136|0x000000070e000000, 0x000000070e100000, 0x000000070e100000|100%| S|CS|TAMS 0x000000070e000000, 0x000000070e000000| Complete 
| 137|0x000000070e100000, 0x000000070e200000, 0x000000070e200000|100%| S|CS|TAMS 0x000000070e100000, 0x000000070e100000| Complete 
| 138|0x000000070e200000, 0x000000070e200000, 0x000000070e300000|  0%| F|  |TAMS 0x000000070e200000, 0x000000070e200000| Untracked 
| 139|0x000000070e300000, 0x000000070e300000, 0x000000070e400000|  0%| F|  |TAMS 0x000000070e300000, 0x000000070e300000| Untracked 
| 140|0x000000070e400000, 0x000000070e400000, 0x000000070e500000|  0%| F|  |TAMS 0x000000070e400000, 0x000000070e400000| Untracked 
| 141|0x000000070e500000, 0x000000070e500000, 0x000000070e600000|  0%| F|  |TAMS 0x000000070e500000, 0x000000070e500000| Untracked 
| 142|0x000000070e600000, 0x000000070e600000, 0x000000070e700000|  0%| F|  |TAMS 0x000000070e600000, 0x000000070e600000| Untracked 
| 143|0x000000070e700000, 0x000000070e700000, 0x000000070e800000|  0%| F|  |TAMS 0x000000070e700000, 0x000000070e700000| Untracked 
| 144|0x000000070e800000, 0x000000070e800000, 0x000000070e900000|  0%| F|  |TAMS 0x000000070e800000, 0x000000070e800000| Untracked 
| 145|0x000000070e900000, 0x000000070e900000, 0x000000070ea00000|  0%| F|  |TAMS 0x000000070e900000, 0x000000070e900000| Untracked 
| 146|0x000000070ea00000, 0x000000070ea00000, 0x000000070eb00000|  0%| F|  |TAMS 0x000000070ea00000, 0x000000070ea00000| Untracked 
| 147|0x000000070eb00000, 0x000000070eb00000, 0x000000070ec00000|  0%| F|  |TAMS 0x000000070eb00000, 0x000000070eb00000| Untracked 
| 148|0x000000070ec00000, 0x000000070ec00000, 0x000000070ed00000|  0%| F|  |TAMS 0x000000070ec00000, 0x000000070ec00000| Untracked 
| 149|0x000000070ed00000, 0x000000070ed00000, 0x000000070ee00000|  0%| F|  |TAMS 0x000000070ed00000, 0x000000070ed00000| Untracked 
| 150|0x000000070ee00000, 0x000000070ee00000, 0x000000070ef00000|  0%| F|  |TAMS 0x000000070ee00000, 0x000000070ee00000| Untracked 
| 151|0x000000070ef00000, 0x000000070ef00000, 0x000000070f000000|  0%| F|  |TAMS 0x000000070ef00000, 0x000000070ef00000| Untracked 
| 152|0x000000070f000000, 0x000000070f000000, 0x000000070f100000|  0%| F|  |TAMS 0x000000070f000000, 0x000000070f000000| Untracked 
| 153|0x000000070f100000, 0x000000070f100000, 0x000000070f200000|  0%| F|  |TAMS 0x000000070f100000, 0x000000070f100000| Untracked 
| 154|0x000000070f200000, 0x000000070f200000, 0x000000070f300000|  0%| F|  |TAMS 0x000000070f200000, 0x000000070f200000| Untracked 
| 155|0x000000070f300000, 0x000000070f300000, 0x000000070f400000|  0%| F|  |TAMS 0x000000070f300000, 0x000000070f300000| Untracked 
| 156|0x000000070f400000, 0x000000070f400000, 0x000000070f500000|  0%| F|  |TAMS 0x000000070f400000, 0x000000070f400000| Untracked 
| 157|0x000000070f500000, 0x000000070f500000, 0x000000070f600000|  0%| F|  |TAMS 0x000000070f500000, 0x000000070f500000| Untracked 
| 158|0x000000070f600000, 0x000000070f600000, 0x000000070f700000|  0%| F|  |TAMS 0x000000070f600000, 0x000000070f600000| Untracked 
| 159|0x000000070f700000, 0x000000070f700000, 0x000000070f800000|  0%| F|  |TAMS 0x000000070f700000, 0x000000070f700000| Untracked 
| 160|0x000000070f800000, 0x000000070f800000, 0x000000070f900000|  0%| F|  |TAMS 0x000000070f800000, 0x000000070f800000| Untracked 
| 161|0x000000070f900000, 0x000000070f900000, 0x000000070fa00000|  0%| F|  |TAMS 0x000000070f900000, 0x000000070f900000| Untracked 
| 162|0x000000070fa00000, 0x000000070fa00000, 0x000000070fb00000|  0%| F|  |TAMS 0x000000070fa00000, 0x000000070fa00000| Untracked 
| 163|0x000000070fb00000, 0x000000070fb00000, 0x000000070fc00000|  0%| F|  |TAMS 0x000000070fb00000, 0x000000070fb00000| Untracked 
| 164|0x000000070fc00000, 0x000000070fc00000, 0x000000070fd00000|  0%| F|  |TAMS 0x000000070fc00000, 0x000000070fc00000| Untracked 
| 165|0x000000070fd00000, 0x000000070fd00000, 0x000000070fe00000|  0%| F|  |TAMS 0x000000070fd00000, 0x000000070fd00000| Untracked 
| 166|0x000000070fe00000, 0x000000070fe00000, 0x000000070ff00000|  0%| F|  |TAMS 0x000000070fe00000, 0x000000070fe00000| Untracked 
| 167|0x000000070ff00000, 0x000000070ff00000, 0x0000000710000000|  0%| F|  |TAMS 0x000000070ff00000, 0x000000070ff00000| Untracked 
| 168|0x0000000710000000, 0x0000000710000000, 0x0000000710100000|  0%| F|  |TAMS 0x0000000710000000, 0x0000000710000000| Untracked 
| 169|0x0000000710100000, 0x0000000710100000, 0x0000000710200000|  0%| F|  |TAMS 0x0000000710100000, 0x0000000710100000| Untracked 
| 170|0x0000000710200000, 0x0000000710200000, 0x0000000710300000|  0%| F|  |TAMS 0x0000000710200000, 0x0000000710200000| Untracked 
| 171|0x0000000710300000, 0x0000000710300000, 0x0000000710400000|  0%| F|  |TAMS 0x0000000710300000, 0x0000000710300000| Untracked 
| 172|0x0000000710400000, 0x0000000710400000, 0x0000000710500000|  0%| F|  |TAMS 0x0000000710400000, 0x0000000710400000| Untracked 
| 173|0x0000000710500000, 0x0000000710500000, 0x0000000710600000|  0%| F|  |TAMS 0x0000000710500000, 0x0000000710500000| Untracked 
| 174|0x0000000710600000, 0x0000000710600000, 0x0000000710700000|  0%| F|  |TAMS 0x0000000710600000, 0x0000000710600000| Untracked 
| 175|0x0000000710700000, 0x0000000710700000, 0x0000000710800000|  0%| F|  |TAMS 0x0000000710700000, 0x0000000710700000| Untracked 
| 176|0x0000000710800000, 0x0000000710800000, 0x0000000710900000|  0%| F|  |TAMS 0x0000000710800000, 0x0000000710800000| Untracked 
| 177|0x0000000710900000, 0x0000000710900000, 0x0000000710a00000|  0%| F|  |TAMS 0x0000000710900000, 0x0000000710900000| Untracked 
| 178|0x0000000710a00000, 0x0000000710a00000, 0x0000000710b00000|  0%| F|  |TAMS 0x0000000710a00000, 0x0000000710a00000| Untracked 
| 179|0x0000000710b00000, 0x0000000710b00000, 0x0000000710c00000|  0%| F|  |TAMS 0x0000000710b00000, 0x0000000710b00000| Untracked 
| 180|0x0000000710c00000, 0x0000000710c00000, 0x0000000710d00000|  0%| F|  |TAMS 0x0000000710c00000, 0x0000000710c00000| Untracked 
| 181|0x0000000710d00000, 0x0000000710d00000, 0x0000000710e00000|  0%| F|  |TAMS 0x0000000710d00000, 0x0000000710d00000| Untracked 
| 182|0x0000000710e00000, 0x0000000710e00000, 0x0000000710f00000|  0%| F|  |TAMS 0x0000000710e00000, 0x0000000710e00000| Untracked 
| 183|0x0000000710f00000, 0x0000000710f00000, 0x0000000711000000|  0%| F|  |TAMS 0x0000000710f00000, 0x0000000710f00000| Untracked 
| 184|0x0000000711000000, 0x0000000711000000, 0x0000000711100000|  0%| F|  |TAMS 0x0000000711000000, 0x0000000711000000| Untracked 
| 185|0x0000000711100000, 0x0000000711100000, 0x0000000711200000|  0%| F|  |TAMS 0x0000000711100000, 0x0000000711100000| Untracked 
| 186|0x0000000711200000, 0x0000000711200000, 0x0000000711300000|  0%| F|  |TAMS 0x0000000711200000, 0x0000000711200000| Untracked 
| 187|0x0000000711300000, 0x0000000711300000, 0x0000000711400000|  0%| F|  |TAMS 0x0000000711300000, 0x0000000711300000| Untracked 
| 188|0x0000000711400000, 0x0000000711400000, 0x0000000711500000|  0%| F|  |TAMS 0x0000000711400000, 0x0000000711400000| Untracked 
| 189|0x0000000711500000, 0x0000000711500000, 0x0000000711600000|  0%| F|  |TAMS 0x0000000711500000, 0x0000000711500000| Untracked 
| 190|0x0000000711600000, 0x0000000711600000, 0x0000000711700000|  0%| F|  |TAMS 0x0000000711600000, 0x0000000711600000| Untracked 
| 191|0x0000000711700000, 0x0000000711700000, 0x0000000711800000|  0%| F|  |TAMS 0x0000000711700000, 0x0000000711700000| Untracked 
| 192|0x0000000711800000, 0x0000000711800000, 0x0000000711900000|  0%| F|  |TAMS 0x0000000711800000, 0x0000000711800000| Untracked 
| 193|0x0000000711900000, 0x0000000711900000, 0x0000000711a00000|  0%| F|  |TAMS 0x0000000711900000, 0x0000000711900000| Untracked 
| 194|0x0000000711a00000, 0x0000000711a00000, 0x0000000711b00000|  0%| F|  |TAMS 0x0000000711a00000, 0x0000000711a00000| Untracked 
| 195|0x0000000711b00000, 0x0000000711b00000, 0x0000000711c00000|  0%| F|  |TAMS 0x0000000711b00000, 0x0000000711b00000| Untracked 
| 196|0x0000000711c00000, 0x0000000711c00000, 0x0000000711d00000|  0%| F|  |TAMS 0x0000000711c00000, 0x0000000711c00000| Untracked 
| 197|0x0000000711d00000, 0x0000000711d00000, 0x0000000711e00000|  0%| F|  |TAMS 0x0000000711d00000, 0x0000000711d00000| Untracked 
| 198|0x0000000711e00000, 0x0000000711e00000, 0x0000000711f00000|  0%| F|  |TAMS 0x0000000711e00000, 0x0000000711e00000| Untracked 
| 199|0x0000000711f00000, 0x0000000711f00000, 0x0000000712000000|  0%| F|  |TAMS 0x0000000711f00000, 0x0000000711f00000| Untracked 
| 200|0x0000000712000000, 0x0000000712000000, 0x0000000712100000|  0%| F|  |TAMS 0x0000000712000000, 0x0000000712000000| Untracked 
| 201|0x0000000712100000, 0x0000000712100000, 0x0000000712200000|  0%| F|  |TAMS 0x0000000712100000, 0x0000000712100000| Untracked 
| 202|0x0000000712200000, 0x0000000712200000, 0x0000000712300000|  0%| F|  |TAMS 0x0000000712200000, 0x0000000712200000| Untracked 
| 203|0x0000000712300000, 0x0000000712300000, 0x0000000712400000|  0%| F|  |TAMS 0x0000000712300000, 0x0000000712300000| Untracked 
| 204|0x0000000712400000, 0x0000000712400000, 0x0000000712500000|  0%| F|  |TAMS 0x0000000712400000, 0x0000000712400000| Untracked 
| 205|0x0000000712500000, 0x0000000712500000, 0x0000000712600000|  0%| F|  |TAMS 0x0000000712500000, 0x0000000712500000| Untracked 
| 206|0x0000000712600000, 0x0000000712600000, 0x0000000712700000|  0%| F|  |TAMS 0x0000000712600000, 0x0000000712600000| Untracked 
| 207|0x0000000712700000, 0x0000000712700000, 0x0000000712800000|  0%| F|  |TAMS 0x0000000712700000, 0x0000000712700000| Untracked 
| 208|0x0000000712800000, 0x0000000712800000, 0x0000000712900000|  0%| F|  |TAMS 0x0000000712800000, 0x0000000712800000| Untracked 
| 209|0x0000000712900000, 0x0000000712900000, 0x0000000712a00000|  0%| F|  |TAMS 0x0000000712900000, 0x0000000712900000| Untracked 
| 210|0x0000000712a00000, 0x0000000712a00000, 0x0000000712b00000|  0%| F|  |TAMS 0x0000000712a00000, 0x0000000712a00000| Untracked 
| 211|0x0000000712b00000, 0x0000000712b00000, 0x0000000712c00000|  0%| F|  |TAMS 0x0000000712b00000, 0x0000000712b00000| Untracked 
| 212|0x0000000712c00000, 0x0000000712c00000, 0x0000000712d00000|  0%| F|  |TAMS 0x0000000712c00000, 0x0000000712c00000| Untracked 
| 213|0x0000000712d00000, 0x0000000712d00000, 0x0000000712e00000|  0%| F|  |TAMS 0x0000000712d00000, 0x0000000712d00000| Untracked 
| 214|0x0000000712e00000, 0x0000000712e00000, 0x0000000712f00000|  0%| F|  |TAMS 0x0000000712e00000, 0x0000000712e00000| Untracked 
| 215|0x0000000712f00000, 0x0000000712f00000, 0x0000000713000000|  0%| F|  |TAMS 0x0000000712f00000, 0x0000000712f00000| Untracked 
| 216|0x0000000713000000, 0x0000000713000000, 0x0000000713100000|  0%| F|  |TAMS 0x0000000713000000, 0x0000000713000000| Untracked 
| 217|0x0000000713100000, 0x0000000713100000, 0x0000000713200000|  0%| F|  |TAMS 0x0000000713100000, 0x0000000713100000| Untracked 
| 218|0x0000000713200000, 0x0000000713200000, 0x0000000713300000|  0%| F|  |TAMS 0x0000000713200000, 0x0000000713200000| Untracked 
| 219|0x0000000713300000, 0x0000000713300000, 0x0000000713400000|  0%| F|  |TAMS 0x0000000713300000, 0x0000000713300000| Untracked 
| 220|0x0000000713400000, 0x0000000713400000, 0x0000000713500000|  0%| F|  |TAMS 0x0000000713400000, 0x0000000713400000| Untracked 
| 221|0x0000000713500000, 0x0000000713500000, 0x0000000713600000|  0%| F|  |TAMS 0x0000000713500000, 0x0000000713500000| Untracked 
| 222|0x0000000713600000, 0x0000000713600000, 0x0000000713700000|  0%| F|  |TAMS 0x0000000713600000, 0x0000000713600000| Untracked 
| 223|0x0000000713700000, 0x0000000713700000, 0x0000000713800000|  0%| F|  |TAMS 0x0000000713700000, 0x0000000713700000| Untracked 
| 224|0x0000000713800000, 0x0000000713800000, 0x0000000713900000|  0%| F|  |TAMS 0x0000000713800000, 0x0000000713800000| Untracked 
| 225|0x0000000713900000, 0x0000000713900000, 0x0000000713a00000|  0%| F|  |TAMS 0x0000000713900000, 0x0000000713900000| Untracked 
| 226|0x0000000713a00000, 0x0000000713a00000, 0x0000000713b00000|  0%| F|  |TAMS 0x0000000713a00000, 0x0000000713a00000| Untracked 
| 227|0x0000000713b00000, 0x0000000713b00000, 0x0000000713c00000|  0%| F|  |TAMS 0x0000000713b00000, 0x0000000713b00000| Untracked 
| 228|0x0000000713c00000, 0x0000000713c00000, 0x0000000713d00000|  0%| F|  |TAMS 0x0000000713c00000, 0x0000000713c00000| Untracked 
| 229|0x0000000713d00000, 0x0000000713d00000, 0x0000000713e00000|  0%| F|  |TAMS 0x0000000713d00000, 0x0000000713d00000| Untracked 
| 230|0x0000000713e00000, 0x0000000713e00000, 0x0000000713f00000|  0%| F|  |TAMS 0x0000000713e00000, 0x0000000713e00000| Untracked 
| 231|0x0000000713f00000, 0x0000000713f00000, 0x0000000714000000|  0%| F|  |TAMS 0x0000000713f00000, 0x0000000713f00000| Untracked 
| 232|0x0000000714000000, 0x0000000714000000, 0x0000000714100000|  0%| F|  |TAMS 0x0000000714000000, 0x0000000714000000| Untracked 
| 233|0x0000000714100000, 0x0000000714100000, 0x0000000714200000|  0%| F|  |TAMS 0x0000000714100000, 0x0000000714100000| Untracked 
| 234|0x0000000714200000, 0x0000000714200000, 0x0000000714300000|  0%| F|  |TAMS 0x0000000714200000, 0x0000000714200000| Untracked 
| 235|0x0000000714300000, 0x0000000714300000, 0x0000000714400000|  0%| F|  |TAMS 0x0000000714300000, 0x0000000714300000| Untracked 
| 236|0x0000000714400000, 0x0000000714400000, 0x0000000714500000|  0%| F|  |TAMS 0x0000000714400000, 0x0000000714400000| Untracked 
| 237|0x0000000714500000, 0x0000000714500000, 0x0000000714600000|  0%| F|  |TAMS 0x0000000714500000, 0x0000000714500000| Untracked 
| 238|0x0000000714600000, 0x0000000714600000, 0x0000000714700000|  0%| F|  |TAMS 0x0000000714600000, 0x0000000714600000| Untracked 
| 239|0x0000000714700000, 0x0000000714700000, 0x0000000714800000|  0%| F|  |TAMS 0x0000000714700000, 0x0000000714700000| Untracked 
| 240|0x0000000714800000, 0x0000000714800000, 0x0000000714900000|  0%| F|  |TAMS 0x0000000714800000, 0x0000000714800000| Untracked 
| 241|0x0000000714900000, 0x0000000714900000, 0x0000000714a00000|  0%| F|  |TAMS 0x0000000714900000, 0x0000000714900000| Untracked 
| 242|0x0000000714a00000, 0x0000000714a00000, 0x0000000714b00000|  0%| F|  |TAMS 0x0000000714a00000, 0x0000000714a00000| Untracked 
| 243|0x0000000714b00000, 0x0000000714b00000, 0x0000000714c00000|  0%| F|  |TAMS 0x0000000714b00000, 0x0000000714b00000| Untracked 
| 244|0x0000000714c00000, 0x0000000714c00000, 0x0000000714d00000|  0%| F|  |TAMS 0x0000000714c00000, 0x0000000714c00000| Untracked 
| 245|0x0000000714d00000, 0x0000000714d00000, 0x0000000714e00000|  0%| F|  |TAMS 0x0000000714d00000, 0x0000000714d00000| Untracked 
| 246|0x0000000714e00000, 0x0000000714e00000, 0x0000000714f00000|  0%| F|  |TAMS 0x0000000714e00000, 0x0000000714e00000| Untracked 
| 247|0x0000000714f00000, 0x0000000714f00000, 0x0000000715000000|  0%| F|  |TAMS 0x0000000714f00000, 0x0000000714f00000| Untracked 
| 248|0x0000000715000000, 0x0000000715000000, 0x0000000715100000|  0%| F|  |TAMS 0x0000000715000000, 0x0000000715000000| Untracked 
| 249|0x0000000715100000, 0x0000000715100000, 0x0000000715200000|  0%| F|  |TAMS 0x0000000715100000, 0x0000000715100000| Untracked 
| 250|0x0000000715200000, 0x0000000715200000, 0x0000000715300000|  0%| F|  |TAMS 0x0000000715200000, 0x0000000715200000| Untracked 
| 251|0x0000000715300000, 0x0000000715300000, 0x0000000715400000|  0%| F|  |TAMS 0x0000000715300000, 0x0000000715300000| Untracked 
| 252|0x0000000715400000, 0x0000000715400000, 0x0000000715500000|  0%| F|  |TAMS 0x0000000715400000, 0x0000000715400000| Untracked 
| 253|0x0000000715500000, 0x0000000715500000, 0x0000000715600000|  0%| F|  |TAMS 0x0000000715500000, 0x0000000715500000| Untracked 
| 254|0x0000000715600000, 0x0000000715600000, 0x0000000715700000|  0%| F|  |TAMS 0x0000000715600000, 0x0000000715600000| Untracked 
| 255|0x0000000715700000, 0x0000000715700000, 0x0000000715800000|  0%| F|  |TAMS 0x0000000715700000, 0x0000000715700000| Untracked 
| 256|0x0000000715800000, 0x0000000715800000, 0x0000000715900000|  0%| F|  |TAMS 0x0000000715800000, 0x0000000715800000| Untracked 
| 257|0x0000000715900000, 0x0000000715900000, 0x0000000715a00000|  0%| F|  |TAMS 0x0000000715900000, 0x0000000715900000| Untracked 
| 258|0x0000000715a00000, 0x0000000715a00000, 0x0000000715b00000|  0%| F|  |TAMS 0x0000000715a00000, 0x0000000715a00000| Untracked 
| 259|0x0000000715b00000, 0x0000000715b00000, 0x0000000715c00000|  0%| F|  |TAMS 0x0000000715b00000, 0x0000000715b00000| Untracked 
| 260|0x0000000715c00000, 0x0000000715c00000, 0x0000000715d00000|  0%| F|  |TAMS 0x0000000715c00000, 0x0000000715c00000| Untracked 
| 261|0x0000000715d00000, 0x0000000715d00000, 0x0000000715e00000|  0%| F|  |TAMS 0x0000000715d00000, 0x0000000715d00000| Untracked 
| 262|0x0000000715e00000, 0x0000000715e00000, 0x0000000715f00000|  0%| F|  |TAMS 0x0000000715e00000, 0x0000000715e00000| Untracked 
| 263|0x0000000715f00000, 0x0000000715f00000, 0x0000000716000000|  0%| F|  |TAMS 0x0000000715f00000, 0x0000000715f00000| Untracked 
| 264|0x0000000716000000, 0x0000000716000000, 0x0000000716100000|  0%| F|  |TAMS 0x0000000716000000, 0x0000000716000000| Untracked 
| 265|0x0000000716100000, 0x0000000716100000, 0x0000000716200000|  0%| F|  |TAMS 0x0000000716100000, 0x0000000716100000| Untracked 
| 266|0x0000000716200000, 0x0000000716200000, 0x0000000716300000|  0%| F|  |TAMS 0x0000000716200000, 0x0000000716200000| Untracked 
| 267|0x0000000716300000, 0x0000000716300000, 0x0000000716400000|  0%| F|  |TAMS 0x0000000716300000, 0x0000000716300000| Untracked 
| 268|0x0000000716400000, 0x0000000716400000, 0x0000000716500000|  0%| F|  |TAMS 0x0000000716400000, 0x0000000716400000| Untracked 
| 269|0x0000000716500000, 0x0000000716500000, 0x0000000716600000|  0%| F|  |TAMS 0x0000000716500000, 0x0000000716500000| Untracked 
| 270|0x0000000716600000, 0x0000000716600000, 0x0000000716700000|  0%| F|  |TAMS 0x0000000716600000, 0x0000000716600000| Untracked 
| 271|0x0000000716700000, 0x0000000716700000, 0x0000000716800000|  0%| F|  |TAMS 0x0000000716700000, 0x0000000716700000| Untracked 
| 272|0x0000000716800000, 0x0000000716800000, 0x0000000716900000|  0%| F|  |TAMS 0x0000000716800000, 0x0000000716800000| Untracked 
| 273|0x0000000716900000, 0x0000000716900000, 0x0000000716a00000|  0%| F|  |TAMS 0x0000000716900000, 0x0000000716900000| Untracked 
| 274|0x0000000716a00000, 0x0000000716a00000, 0x0000000716b00000|  0%| F|  |TAMS 0x0000000716a00000, 0x0000000716a00000| Untracked 
| 275|0x0000000716b00000, 0x0000000716b00000, 0x0000000716c00000|  0%| F|  |TAMS 0x0000000716b00000, 0x0000000716b00000| Untracked 
| 276|0x0000000716c00000, 0x0000000716c00000, 0x0000000716d00000|  0%| F|  |TAMS 0x0000000716c00000, 0x0000000716c00000| Untracked 
| 277|0x0000000716d00000, 0x0000000716d00000, 0x0000000716e00000|  0%| F|  |TAMS 0x0000000716d00000, 0x0000000716d00000| Untracked 
| 278|0x0000000716e00000, 0x0000000716e00000, 0x0000000716f00000|  0%| F|  |TAMS 0x0000000716e00000, 0x0000000716e00000| Untracked 
| 279|0x0000000716f00000, 0x0000000716f00000, 0x0000000717000000|  0%| F|  |TAMS 0x0000000716f00000, 0x0000000716f00000| Untracked 
| 280|0x0000000717000000, 0x0000000717000000, 0x0000000717100000|  0%| F|  |TAMS 0x0000000717000000, 0x0000000717000000| Untracked 
| 281|0x0000000717100000, 0x0000000717100000, 0x0000000717200000|  0%| F|  |TAMS 0x0000000717100000, 0x0000000717100000| Untracked 
| 282|0x0000000717200000, 0x0000000717200000, 0x0000000717300000|  0%| F|  |TAMS 0x0000000717200000, 0x0000000717200000| Untracked 
| 283|0x0000000717300000, 0x0000000717300000, 0x0000000717400000|  0%| F|  |TAMS 0x0000000717300000, 0x0000000717300000| Untracked 
| 284|0x0000000717400000, 0x0000000717400000, 0x0000000717500000|  0%| F|  |TAMS 0x0000000717400000, 0x0000000717400000| Untracked 
| 285|0x0000000717500000, 0x0000000717500000, 0x0000000717600000|  0%| F|  |TAMS 0x0000000717500000, 0x0000000717500000| Untracked 
| 286|0x0000000717600000, 0x0000000717600000, 0x0000000717700000|  0%| F|  |TAMS 0x0000000717600000, 0x0000000717600000| Untracked 
| 287|0x0000000717700000, 0x0000000717700000, 0x0000000717800000|  0%| F|  |TAMS 0x0000000717700000, 0x0000000717700000| Untracked 
| 288|0x0000000717800000, 0x0000000717800000, 0x0000000717900000|  0%| F|  |TAMS 0x0000000717800000, 0x0000000717800000| Untracked 
| 289|0x0000000717900000, 0x0000000717980800, 0x0000000717a00000| 50%| E|  |TAMS 0x0000000717900000, 0x0000000717900000| Complete 
| 290|0x0000000717a00000, 0x0000000717b00000, 0x0000000717b00000|100%| E|CS|TAMS 0x0000000717a00000, 0x0000000717a00000| Complete 
| 291|0x0000000717b00000, 0x0000000717c00000, 0x0000000717c00000|100%| E|CS|TAMS 0x0000000717b00000, 0x0000000717b00000| Complete 
| 292|0x0000000717c00000, 0x0000000717d00000, 0x0000000717d00000|100%| E|CS|TAMS 0x0000000717c00000, 0x0000000717c00000| Complete 
| 293|0x0000000717d00000, 0x0000000717e00000, 0x0000000717e00000|100%| E|CS|TAMS 0x0000000717d00000, 0x0000000717d00000| Complete 
| 294|0x0000000717e00000, 0x0000000717f00000, 0x0000000717f00000|100%| E|CS|TAMS 0x0000000717e00000, 0x0000000717e00000| Complete 
| 295|0x0000000717f00000, 0x0000000718000000, 0x0000000718000000|100%| E|CS|TAMS 0x0000000717f00000, 0x0000000717f00000| Complete 
| 296|0x0000000718000000, 0x0000000718100000, 0x0000000718100000|100%| E|CS|TAMS 0x0000000718000000, 0x0000000718000000| Complete 
| 297|0x0000000718100000, 0x0000000718200000, 0x0000000718200000|100%| E|CS|TAMS 0x0000000718100000, 0x0000000718100000| Complete 
| 298|0x0000000718200000, 0x0000000718300000, 0x0000000718300000|100%| E|CS|TAMS 0x0000000718200000, 0x0000000718200000| Complete 
| 299|0x0000000718300000, 0x0000000718400000, 0x0000000718400000|100%| E|CS|TAMS 0x0000000718300000, 0x0000000718300000| Complete 
| 300|0x0000000718400000, 0x0000000718500000, 0x0000000718500000|100%| E|CS|TAMS 0x0000000718400000, 0x0000000718400000| Complete 
| 301|0x0000000718500000, 0x0000000718600000, 0x0000000718600000|100%| E|CS|TAMS 0x0000000718500000, 0x0000000718500000| Complete 
| 302|0x0000000718600000, 0x0000000718700000, 0x0000000718700000|100%| E|CS|TAMS 0x0000000718600000, 0x0000000718600000| Complete 
| 303|0x0000000718700000, 0x0000000718800000, 0x0000000718800000|100%| E|CS|TAMS 0x0000000718700000, 0x0000000718700000| Complete 
| 304|0x0000000718800000, 0x0000000718900000, 0x0000000718900000|100%| E|CS|TAMS 0x0000000718800000, 0x0000000718800000| Complete 
| 305|0x0000000718900000, 0x0000000718a00000, 0x0000000718a00000|100%| E|CS|TAMS 0x0000000718900000, 0x0000000718900000| Complete 
| 306|0x0000000718a00000, 0x0000000718b00000, 0x0000000718b00000|100%| E|CS|TAMS 0x0000000718a00000, 0x0000000718a00000| Complete 
| 307|0x0000000718b00000, 0x0000000718c00000, 0x0000000718c00000|100%| E|CS|TAMS 0x0000000718b00000, 0x0000000718b00000| Complete 
| 308|0x0000000718c00000, 0x0000000718d00000, 0x0000000718d00000|100%| E|CS|TAMS 0x0000000718c00000, 0x0000000718c00000| Complete 
| 309|0x0000000718d00000, 0x0000000718e00000, 0x0000000718e00000|100%| E|CS|TAMS 0x0000000718d00000, 0x0000000718d00000| Complete 
| 310|0x0000000718e00000, 0x0000000718f00000, 0x0000000718f00000|100%| E|CS|TAMS 0x0000000718e00000, 0x0000000718e00000| Complete 
| 311|0x0000000718f00000, 0x0000000719000000, 0x0000000719000000|100%| E|CS|TAMS 0x0000000718f00000, 0x0000000718f00000| Complete 
| 312|0x0000000719000000, 0x0000000719100000, 0x0000000719100000|100%| E|CS|TAMS 0x0000000719000000, 0x0000000719000000| Complete 
| 313|0x0000000719100000, 0x0000000719200000, 0x0000000719200000|100%| E|CS|TAMS 0x0000000719100000, 0x0000000719100000| Complete 
| 314|0x0000000719200000, 0x0000000719300000, 0x0000000719300000|100%| E|CS|TAMS 0x0000000719200000, 0x0000000719200000| Complete 
| 315|0x0000000719300000, 0x0000000719400000, 0x0000000719400000|100%| E|CS|TAMS 0x0000000719300000, 0x0000000719300000| Complete 
| 316|0x0000000719400000, 0x0000000719500000, 0x0000000719500000|100%| E|CS|TAMS 0x0000000719400000, 0x0000000719400000| Complete 
| 317|0x0000000719500000, 0x0000000719600000, 0x0000000719600000|100%| E|CS|TAMS 0x0000000719500000, 0x0000000719500000| Complete 
| 318|0x0000000719600000, 0x0000000719700000, 0x0000000719700000|100%| E|CS|TAMS 0x0000000719600000, 0x0000000719600000| Complete 
| 319|0x0000000719700000, 0x0000000719800000, 0x0000000719800000|100%| E|CS|TAMS 0x0000000719700000, 0x0000000719700000| Complete 
| 320|0x0000000719800000, 0x0000000719900000, 0x0000000719900000|100%| E|CS|TAMS 0x0000000719800000, 0x0000000719800000| Complete 
| 321|0x0000000719900000, 0x0000000719a00000, 0x0000000719a00000|100%| E|CS|TAMS 0x0000000719900000, 0x0000000719900000| Complete 
| 322|0x0000000719a00000, 0x0000000719b00000, 0x0000000719b00000|100%| E|CS|TAMS 0x0000000719a00000, 0x0000000719a00000| Complete 
| 323|0x0000000719b00000, 0x0000000719c00000, 0x0000000719c00000|100%| E|CS|TAMS 0x0000000719b00000, 0x0000000719b00000| Complete 
| 324|0x0000000719c00000, 0x0000000719d00000, 0x0000000719d00000|100%| E|CS|TAMS 0x0000000719c00000, 0x0000000719c00000| Complete 
| 325|0x0000000719d00000, 0x0000000719e00000, 0x0000000719e00000|100%| E|CS|TAMS 0x0000000719d00000, 0x0000000719d00000| Complete 
| 326|0x0000000719e00000, 0x0000000719f00000, 0x0000000719f00000|100%| E|CS|TAMS 0x0000000719e00000, 0x0000000719e00000| Complete 

Card table byte_map: [0x0000028834990000,0x0000028835170000] _byte_map_base: 0x0000028831164000

Marking Bits (Prev, Next): (CMBitMap*) 0x000002881c768eb0, (CMBitMap*) 0x000002881c768e78
 Prev Bits: [0x00000288397f0000, 0x000002883d690000)
 Next Bits: [0x0000028835950000, 0x00000288397f0000)

Polling page: 0x000002881bee0000

Metaspace:

Usage:
  Non-class:     57.41 MB capacity,    56.94 MB (>99%) used,   371.88 KB ( <1%) free+waste,   117.63 KB ( <1%) overhead. 
      Class:      7.62 MB capacity,     7.27 MB ( 95%) used,   301.77 KB (  4%) free+waste,    52.06 KB ( <1%) overhead. 
       Both:     65.03 MB capacity,    64.21 MB ( 99%) used,   673.65 KB (  1%) free+waste,   169.69 KB ( <1%) overhead. 

Virtual space:
  Non-class space:       58.00 MB reserved,      57.50 MB (>99%) committed 
      Class space:        1.00 GB reserved,       7.70 MB ( <1%) committed 
             Both:        1.06 GB reserved,      65.20 MB (  6%) committed 

Chunk freelists:
   Non-Class:  21.00 KB
       Class:  8.00 KB
        Both:  29.00 KB

MaxMetaspaceSize: 17179869184.00 GB
CompressedClassSpaceSize: 1.00 GB
Initial GC threshold: 20.80 MB
Current GC threshold: 92.20 MB
CDS: off

CodeHeap 'non-profiled nmethods': size=120000Kb used=5071Kb max_used=5071Kb free=114928Kb
 bounds [0x000002882c950000, 0x000002882ce50000, 0x0000028833e80000]
CodeHeap 'profiled nmethods': size=120000Kb used=25755Kb max_used=25755Kb free=94244Kb
 bounds [0x0000028825420000, 0x0000028826d50000, 0x000002882c950000]
CodeHeap 'non-nmethods': size=5760Kb used=1306Kb max_used=1356Kb free=4454Kb
 bounds [0x0000028824e80000, 0x00000288250f0000, 0x0000028825420000]
 total_blobs=9453 nmethods=8865 adapters=498
 compilation: enabled
              stopped_count=0, restarted_count=0
 full_count=0

Compilation events (20 events):
Event: 21.053 Thread 0x0000028840acb800 8935       3       org.jetbrains.kotlin.resolve.calls.inference.components.ConstraintIncorporator$areThereRecursiveConstraints$1::invoke (9 bytes)
Event: 21.053 Thread 0x0000028840acb800 nmethod 8935 0x0000028826d21690 code [0x0000028826d21860, 0x0000028826d21aa8]
Event: 21.053 Thread 0x0000028840acb800 8921       3       org.jetbrains.kotlin.resolve.calls.checkers.OperatorCallChecker::check (399 bytes)
Event: 21.054 Thread 0x0000028844348800 8937       4       org.jetbrains.kotlin.resolve.calls.inference.model.NewConstraintSystemImpl::getNotFixedTypeVariables (21 bytes)
Event: 21.055 Thread 0x0000028844348800 nmethod 8937 0x000002882ce41690 code [0x000002882ce41820, 0x000002882ce418b8]
Event: 21.057 Thread 0x0000028840acb800 nmethod 8921 0x0000028826d21b90 code [0x0000028826d22340, 0x0000028826d26d58]
Event: 21.057 Thread 0x0000028840acb800 8938       3       org.jetbrains.kotlin.types.DisjointKeysUnionTypeSubstitution::approximateContravariantCapturedTypes (26 bytes)
Event: 21.057 Thread 0x0000028840acb800 nmethod 8938 0x0000028826d28090 code [0x0000028826d28260, 0x0000028826d28598]
Event: 21.057 Thread 0x0000028840acb800 8940       3       org.jetbrains.kotlin.types.DisjointKeysUnionTypeSubstitution::approximateCapturedTypes (26 bytes)
Event: 21.057 Thread 0x0000028840acb800 nmethod 8940 0x0000028826d28690 code [0x0000028826d28860, 0x0000028826d28b98]
Event: 21.057 Thread 0x0000028840acb800 8939       3       org.jetbrains.kotlin.types.DisjointKeysUnionTypeSubstitution::prepareTopLevelType (30 bytes)
Event: 21.058 Thread 0x0000028840acb800 nmethod 8939 0x0000028826d28c90 code [0x0000028826d28f60, 0x0000028826d29b98]
Event: 21.058 Thread 0x0000028840acb800 8941       3       javaslang.collection.Iterator::empty (4 bytes)
Event: 21.058 Thread 0x0000028840acb800 nmethod 8941 0x0000028826d2a010 code [0x0000028826d2a1c0, 0x0000028826d2a2b8]
Event: 21.058 Thread 0x0000028840acb800 8936       3       java.util.ArrayDeque::push (6 bytes)
Event: 21.058 Thread 0x0000028840acb800 nmethod 8936 0x0000028826d2a390 code [0x0000028826d2a540, 0x0000028826d2a668]
Event: 21.058 Thread 0x0000028840acb800 8942       3       org.jetbrains.kotlin.resolve.scopes.receivers.ReceiverValueWithSmartCastInfo::<init> (52 bytes)
Event: 21.061 Thread 0x0000028844348800 8946       4       org.jetbrains.kotlin.com.intellij.util.containers.ConcurrentIntObjectHashMap::get (125 bytes)
Event: 21.075 Thread 0x0000028845260000 nmethod 8933 0x000002882ce41990 code [0x000002882ce41c40, 0x000002882ce42830]
Event: 21.075 Thread 0x0000028844348800 nmethod 8946 0x000002882ce43390 code [0x000002882ce43520, 0x000002882ce43658]

GC Heap History (14 events):
Event: 1.553 GC heap before
{Heap before GC invocations=0 (full 0):
 garbage-first heap   total 258048K, used 27648K [0x0000000705800000, 0x0000000800000000)
  region size 1024K, 24 young (24576K), 0 survivors (0K)
 Metaspace       used 12385K, capacity 12504K, committed 12800K, reserved 1060864K
  class space    used 1150K, capacity 1207K, committed 1280K, reserved 1048576K
}
Event: 1.611 GC heap after
{Heap after GC invocations=1 (full 0):
 garbage-first heap   total 258048K, used 5838K [0x0000000705800000, 0x0000000800000000)
  region size 1024K, 3 young (3072K), 3 survivors (3072K)
 Metaspace       used 12385K, capacity 12504K, committed 12800K, reserved 1060864K
  class space    used 1150K, capacity 1207K, committed 1280K, reserved 1048576K
}
Event: 3.051 GC heap before
{Heap before GC invocations=1 (full 0):
 garbage-first heap   total 258048K, used 41678K [0x0000000705800000, 0x0000000800000000)
  region size 1024K, 39 young (39936K), 3 survivors (3072K)
 Metaspace       used 20941K, capacity 21182K, committed 21248K, reserved 1069056K
  class space    used 2215K, capacity 2280K, committed 2304K, reserved 1048576K
}
Event: 3.067 GC heap after
{Heap after GC invocations=2 (full 0):
 garbage-first heap   total 258048K, used 9273K [0x0000000705800000, 0x0000000800000000)
  region size 1024K, 7 young (7168K), 7 survivors (7168K)
 Metaspace       used 20941K, capacity 21182K, committed 21248K, reserved 1069056K
  class space    used 2215K, capacity 2280K, committed 2304K, reserved 1048576K
}
Event: 5.730 GC heap before
{Heap before GC invocations=3 (full 0):
 garbage-first heap   total 258048K, used 65593K [0x0000000705800000, 0x0000000800000000)
  region size 1024K, 57 young (58368K), 7 survivors (7168K)
 Metaspace       used 33072K, capacity 33497K, committed 33788K, reserved 1079296K
  class space    used 4113K, capacity 4310K, committed 4352K, reserved 1048576K
}
Event: 5.758 GC heap after
{Heap after GC invocations=4 (full 0):
 garbage-first heap   total 258048K, used 20441K [0x0000000705800000, 0x0000000800000000)
  region size 1024K, 8 young (8192K), 8 survivors (8192K)
 Metaspace       used 33072K, capacity 33497K, committed 33788K, reserved 1079296K
  class space    used 4113K, capacity 4310K, committed 4352K, reserved 1048576K
}
Event: 6.653 GC heap before
{Heap before GC invocations=5 (full 0):
 garbage-first heap   total 258048K, used 41945K [0x0000000705800000, 0x0000000800000000)
  region size 1024K, 29 young (29696K), 8 survivors (8192K)
 Metaspace       used 37177K, capacity 37660K, committed 37756K, reserved 1083392K
  class space    used 4558K, capacity 4736K, committed 4736K, reserved 1048576K
}
Event: 6.664 GC heap after
{Heap after GC invocations=6 (full 0):
 garbage-first heap   total 258048K, used 21329K [0x0000000705800000, 0x0000000800000000)
  region size 1024K, 3 young (3072K), 3 survivors (3072K)
 Metaspace       used 37177K, capacity 37660K, committed 37756K, reserved 1083392K
  class space    used 4558K, capacity 4736K, committed 4736K, reserved 1048576K
}
Event: 10.497 GC heap before
{Heap before GC invocations=6 (full 0):
 garbage-first heap   total 258048K, used 104273K [0x0000000705800000, 0x0000000800000000)
  region size 1024K, 81 young (82944K), 3 survivors (3072K)
 Metaspace       used 53122K, capacity 53803K, committed 54012K, reserved 1097728K
  class space    used 6335K, capacity 6612K, committed 6656K, reserved 1048576K
}
Event: 10.514 GC heap after
{Heap after GC invocations=7 (full 0):
 garbage-first heap   total 258048K, used 29866K [0x0000000705800000, 0x0000000800000000)
  region size 1024K, 10 young (10240K), 10 survivors (10240K)
 Metaspace       used 53122K, capacity 53803K, committed 54012K, reserved 1097728K
  class space    used 6335K, capacity 6612K, committed 6656K, reserved 1048576K
}
Event: 11.692 GC heap before
{Heap before GC invocations=7 (full 0):
 garbage-first heap   total 258048K, used 54442K [0x0000000705800000, 0x0000000800000000)
  region size 1024K, 35 young (35840K), 10 survivors (10240K)
 Metaspace       used 55588K, capacity 56298K, committed 56316K, reserved 1099776K
  class space    used 6608K, capacity 6909K, committed 6912K, reserved 1048576K
}
Event: 11.727 GC heap after
{Heap after GC invocations=8 (full 0):
 garbage-first heap   total 258048K, used 32767K [0x0000000705800000, 0x0000000800000000)
  region size 1024K, 10 young (10240K), 10 survivors (10240K)
 Metaspace       used 55588K, capacity 56298K, committed 56316K, reserved 1099776K
  class space    used 6608K, capacity 6909K, committed 6912K, reserved 1048576K
}
Event: 16.701 GC heap before
{Heap before GC invocations=9 (full 0):
 garbage-first heap   total 258048K, used 139263K [0x0000000705800000, 0x0000000800000000)
  region size 1024K, 114 young (116736K), 10 survivors (10240K)
 Metaspace       used 62180K, capacity 63011K, committed 63176K, reserved 1105920K
  class space    used 7220K, capacity 7579K, committed 7628K, reserved 1048576K
}
Event: 16.725 GC heap after
{Heap after GC invocations=10 (full 0):
 garbage-first heap   total 334848K, used 46479K [0x0000000705800000, 0x0000000800000000)
  region size 1024K, 15 young (15360K), 15 survivors (15360K)
 Metaspace       used 62180K, capacity 63011K, committed 63176K, reserved 1105920K
  class space    used 7220K, capacity 7579K, committed 7628K, reserved 1048576K
}

Deoptimization events (20 events):
Event: 20.821 Thread 0x000002881c706800 Uncommon trap: trap_request=0xffffff4d fr.pc=0x000002882cd60cc0 relative=0x00000000000031a0
Event: 20.821 Thread 0x000002881c706800 Uncommon trap: reason=unstable_if action=reinterpret pc=0x000002882cd60cc0 method=org.jetbrains.kotlin.types.TypeUtils.contains(Lorg/jetbrains/kotlin/types/KotlinType;Lkotlin/jvm/functions/Function1;Lorg/jetbrains/kotlin/utils/SmartSet;)Z @ 141 c2
Event: 20.821 Thread 0x000002881c706800 DEOPT PACKING pc=0x000002882cd60cc0 sp=0x000000b0fc2f66f0
Event: 20.821 Thread 0x000002881c706800 DEOPT UNPACKING pc=0x0000028824eca1af sp=0x000000b0fc2f66e8 mode 2
Event: 20.821 Thread 0x000002881c706800 Uncommon trap: trap_request=0xffffff4d fr.pc=0x000002882ce29634 relative=0x0000000000000794
Event: 20.821 Thread 0x000002881c706800 Uncommon trap: reason=unstable_if action=reinterpret pc=0x000002882ce29634 method=org.jetbrains.kotlin.types.checker.ClassicTypeSystemContext$DefaultImpls.asDefinitelyNotNullType(Lorg/jetbrains/kotlin/types/checker/ClassicTypeSystemContext;Lorg/jetbrains/
Event: 20.821 Thread 0x000002881c706800 DEOPT PACKING pc=0x000002882ce29634 sp=0x000000b0fc2f6550
Event: 20.821 Thread 0x000002881c706800 DEOPT UNPACKING pc=0x0000028824eca1af sp=0x000000b0fc2f6428 mode 2
Event: 20.821 Thread 0x000002881c706800 Uncommon trap: trap_request=0xffffff4d fr.pc=0x000002882cd91b18 relative=0x0000000000000078
Event: 20.821 Thread 0x000002881c706800 Uncommon trap: reason=unstable_if action=reinterpret pc=0x000002882cd91b18 method=org.jetbrains.kotlin.types.checker.ClassicTypeSystemContext$DefaultImpls.asDefinitelyNotNullType(Lorg/jetbrains/kotlin/types/checker/ClassicTypeSystemContext;Lorg/jetbrains/
Event: 20.821 Thread 0x000002881c706800 DEOPT PACKING pc=0x000002882cd91b18 sp=0x000000b0fc2f64a0
Event: 20.821 Thread 0x000002881c706800 DEOPT UNPACKING pc=0x0000028824eca1af sp=0x000000b0fc2f63c0 mode 2
Event: 20.821 Thread 0x000002881c706800 Uncommon trap: trap_request=0xffffff4d fr.pc=0x000002882cd430f8 relative=0x0000000000000058
Event: 20.821 Thread 0x000002881c706800 Uncommon trap: reason=unstable_if action=reinterpret pc=0x000002882cd430f8 method=org.jetbrains.kotlin.types.checker.ClassicTypeSystemContext$DefaultImpls.asDefinitelyNotNullType(Lorg/jetbrains/kotlin/types/checker/ClassicTypeSystemContext;Lorg/jetbrains/
Event: 20.821 Thread 0x000002881c706800 DEOPT PACKING pc=0x000002882cd430f8 sp=0x000000b0fc2f6a10
Event: 20.821 Thread 0x000002881c706800 DEOPT UNPACKING pc=0x0000028824eca1af sp=0x000000b0fc2f6998 mode 2
Event: 20.988 Thread 0x000002881c706800 Uncommon trap: trap_request=0xffffff7e fr.pc=0x000002882ce3f920 relative=0x0000000000000860
Event: 20.988 Thread 0x000002881c706800 Uncommon trap: reason=predicate action=maybe_recompile pc=0x000002882ce3f920 method=org.jetbrains.kotlin.com.intellij.extapi.psi.StubBasedPsiElementBase.getStubOrPsiChildren(Lorg/jetbrains/kotlin/com/intellij/psi/tree/TokenSet;Lorg/jetbrains/kotlin/com/in
Event: 20.988 Thread 0x000002881c706800 DEOPT PACKING pc=0x000002882ce3f920 sp=0x000000b0fc2f6020
Event: 20.988 Thread 0x000002881c706800 DEOPT UNPACKING pc=0x0000028824eca1af sp=0x000000b0fc2f5ff0 mode 2

Classes redefined (0 events):
No events

Internal exceptions (20 events):
Event: 11.657 Thread 0x000002881c706800 Exception <a 'java/lang/NoSuchMethodError'{0x0000000713c59168}: 'java.lang.Object java.lang.invoke.Invokers$Holder.linkToTargetMethod(java.lang.Object, java.lang.Object, java.lang.Object, java.lang.Object, java.lang.Object, java.lang.Object)'> (0x0000000713c59168) thrown at [./src/hotspot/share/interpreter/linkResolver.cpp, line 773]
Event: 12.040 Thread 0x000002881c706800 Implicit null exception at 0x000002882cb861a2 to 0x000002882cb86414
Event: 12.076 Thread 0x000002881c706800 Implicit null exception at 0x000002882ca8a3cc to 0x000002882ca8a4b4
Event: 12.231 Thread 0x000002881c706800 Implicit null exception at 0x000002882c9e9675 to 0x000002882c9e985c
Event: 12.941 Thread 0x000002881c706800 Implicit null exception at 0x000002882cb613d5 to 0x000002882cb61fa8
Event: 12.941 Thread 0x000002881c706800 Implicit null exception at 0x000002882cb5f1af to 0x000002882cb5f1dc
Event: 13.046 Thread 0x000002881c706800 Exception <a 'java/lang/IncompatibleClassChangeError'{0x0000000712e92940}: Found class java.lang.Object, but interface was expected> (0x0000000712e92940) thrown at [./src/hotspot/share/interpreter/linkResolver.cpp, line 839]
Event: 13.144 Thread 0x000002881c706800 Exception <a 'java/lang/NoSuchMethodError'{0x0000000712cf21a8}: 'int java.lang.invoke.DirectMethodHandle$Holder.invokeInterface(java.lang.Object, java.lang.Object)'> (0x0000000712cf21a8) thrown at [./src/hotspot/share/interpreter/linkResolver.cpp, line 773]
Event: 15.012 Thread 0x000002881c706800 Exception <a 'java/lang/NoSuchMethodError'{0x000000071071a620}: 'java.lang.Object java.lang.invoke.DirectMethodHandle$Holder.invokeStatic(java.lang.Object, int, java.lang.Object, java.lang.Object)'> (0x000000071071a620) thrown at [./src/hotspot/share/interpreter/linkResolver.cpp, line 773]
Event: 15.013 Thread 0x000002881c706800 Exception <a 'java/lang/NoSuchMethodError'{0x0000000710721de8}: 'java.lang.Object java.lang.invoke.DirectMethodHandle$Holder.invokeStatic(java.lang.Object, int, java.lang.Object)'> (0x0000000710721de8) thrown at [./src/hotspot/share/interpreter/linkResolver.cpp, line 773]
Event: 15.516 Thread 0x000002881c706800 Implicit null exception at 0x000002882c9aab5e to 0x000002882c9ab2f6
Event: 15.516 Thread 0x000002881c706800 Implicit null exception at 0x000002882c9b0eaf to 0x000002882c9b0f29
Event: 15.626 Thread 0x000002881c706800 Exception <a 'java/lang/NoSuchMethodError'{0x000000070f8ceba8}: 'java.lang.Object java.lang.invoke.Invokers$Holder.linkToTargetMethod(java.lang.Object, java.lang.Object, java.lang.Object, int, int, java.lang.Object)'> (0x000000070f8ceba8) thrown at [./src/hotspot/share/interpreter/linkResolver.cpp, line 773]
Event: 16.060 Thread 0x000002881c706800 Implicit null exception at 0x000002882cc2947c to 0x000002882cc2a608
Event: 16.452 Thread 0x000002881c706800 Exception <a 'java/lang/NoSuchMethodError'{0x000000070e8f80f8}: 'int java.lang.invoke.DirectMethodHandle$Holder.invokeStaticInit(java.lang.Object, int)'> (0x000000070e8f80f8) thrown at [./src/hotspot/share/interpreter/linkResolver.cpp, line 773]
Event: 16.584 Thread 0x000002881c706800 Implicit null exception at 0x000002882c96bc77 to 0x000002882c96c194
Event: 16.609 Thread 0x000002881c706800 Implicit null exception at 0x000002882c96daf4 to 0x000002882c96dfe4
Event: 16.892 Thread 0x000002881c706800 Exception <a 'java/lang/NoSuchMethodError'{0x0000000719ce6678}: 'java.lang.Object java.lang.invoke.DirectMethodHandle$Holder.invokeInterface(java.lang.Object, java.lang.Object, java.lang.Object)'> (0x0000000719ce6678) thrown at [./src/hotspot/share/interpreter/linkResolver.cpp, line 773]
Event: 16.892 Thread 0x000002881c706800 Exception <a 'java/lang/IncompatibleClassChangeError'{0x0000000719ce98a8}: Found class java.lang.Object, but interface was expected> (0x0000000719ce98a8) thrown at [./src/hotspot/share/interpreter/linkResolver.cpp, line 839]
Event: 16.903 Thread 0x000002881c706800 Exception <a 'java/lang/NoSuchMethodError'{0x0000000719b25018}: 'java.lang.Object java.lang.invoke.Invokers$Holder.linkToTargetMethod(java.lang.Object, java.lang.Object, java.lang.Object, java.lang.Object, java.lang.Object, java.lang.Object, java.lang.Object)'> (0x0000000719b25018) thrown at [./src/hotspot/share/interpreter/linkResolver.cpp, line 773]

Events (20 events):
Event: 20.676 Executing VM operation: ICBufferFull
Event: 20.677 Executing VM operation: ICBufferFull done
Event: 20.688 loading class org/jetbrains/kotlin/cfg/WhenOnNullableExhaustivenessChecker
Event: 20.688 loading class org/jetbrains/kotlin/cfg/WhenOnNullableExhaustivenessChecker done
Event: 20.697 loading class org/jetbrains/kotlin/diagnostics/WhenMissingCase$NullIsMissing
Event: 20.697 loading class org/jetbrains/kotlin/diagnostics/WhenMissingCase$NullIsMissing done
Event: 20.754 Executing VM operation: RevokeBias
Event: 20.754 Executing VM operation: RevokeBias done
Event: 20.757 loading class org/jetbrains/kotlin/types/NotNullSimpleType
Event: 20.757 loading class org/jetbrains/kotlin/types/NotNullSimpleType done
Event: 20.762 loading class org/jetbrains/kotlin/resolve/calls/inference/model/NewConstraintSystemImpl$containsOnlyFixedVariables$1
Event: 20.762 loading class org/jetbrains/kotlin/resolve/calls/inference/model/NewConstraintSystemImpl$containsOnlyFixedVariables$1 done
Event: 20.764 loading class org/jetbrains/kotlin/resolve/calls/inference/components/TypeVariableDependencyInformationProvider$computePostponeArgumentsEdges$1
Event: 20.764 loading class org/jetbrains/kotlin/resolve/calls/inference/components/TypeVariableDependencyInformationProvider$computePostponeArgumentsEdges$1 done
Event: 20.764 loading class org/jetbrains/kotlin/resolve/calls/inference/components/TypeVariableDependencyInformationProvider$computePostponeArgumentsEdges$2
Event: 20.764 loading class org/jetbrains/kotlin/resolve/calls/inference/components/TypeVariableDependencyInformationProvider$computePostponeArgumentsEdges$2 done
Event: 20.765 loading class org/jetbrains/kotlin/resolve/calls/inference/components/TypeVariableDependencyInformationProvider$computeRelatedToAllOutputTypes$1
Event: 20.765 loading class org/jetbrains/kotlin/resolve/calls/inference/components/TypeVariableDependencyInformationProvider$computeRelatedToAllOutputTypes$1 done
Event: 21.042 Executing VM operation: ICBufferFull
Event: 21.042 Executing VM operation: ICBufferFull done


Dynamic libraries:
0x00007ff642af0000 - 0x00007ff642afd000 	C:\Program Files\Microsoft\jdk-11.0.18.10-hotspot\bin\java.exe
0x00007ffb7d2b0000 - 0x00007ffb7d4a8000 	C:\WINDOWS\SYSTEM32\ntdll.dll
0x00007ffb7b2e0000 - 0x00007ffb7b39f000 	C:\WINDOWS\System32\KERNEL32.DLL
0x00007ffb7ab20000 - 0x00007ffb7ae16000 	C:\WINDOWS\System32\KERNELBASE.dll
0x00007ffb7b000000 - 0x00007ffb7b100000 	C:\WINDOWS\System32\ucrtbase.dll
0x00007ffb75190000 - 0x00007ffb751a7000 	C:\Program Files\Microsoft\jdk-11.0.18.10-hotspot\bin\jli.dll
0x00007ffb7ba20000 - 0x00007ffb7bbbd000 	C:\WINDOWS\System32\USER32.dll
0x00007ffb7afd0000 - 0x00007ffb7aff2000 	C:\WINDOWS\System32\win32u.dll
0x00007ffb7cef0000 - 0x00007ffb7cf1c000 	C:\WINDOWS\System32\GDI32.dll
0x00007ffb7aa00000 - 0x00007ffb7ab15000 	C:\WINDOWS\System32\gdi32full.dll
0x00007ffb7a960000 - 0x00007ffb7a9fd000 	C:\WINDOWS\System32\msvcp_win.dll
0x00007ffb75230000 - 0x00007ffb75245000 	C:\Program Files\Microsoft\jdk-11.0.18.10-hotspot\bin\VCRUNTIME140.dll
0x00007ffb6ba70000 - 0x00007ffb6bd0a000 	C:\WINDOWS\WinSxS\amd64_microsoft.windows.common-controls_6595b64144ccf1df_6.0.19041.1110_none_60b5254171f9507e\COMCTL32.dll
0x00007ffb7ca80000 - 0x00007ffb7cb1e000 	C:\WINDOWS\System32\msvcrt.dll
0x00007ffb7b4e0000 - 0x00007ffb7b510000 	C:\WINDOWS\System32\IMM32.DLL
0x00007ffb487d0000 - 0x00007ffb4886b000 	C:\Program Files\Microsoft\jdk-11.0.18.10-hotspot\bin\msvcp140.dll
0x00007ffb3f260000 - 0x00007ffb3fdf2000 	C:\Program Files\Microsoft\jdk-11.0.18.10-hotspot\bin\server\jvm.dll
0x00007ffb7cc40000 - 0x00007ffb7ccef000 	C:\WINDOWS\System32\ADVAPI32.dll
0x00007ffb7cba0000 - 0x00007ffb7cc3c000 	C:\WINDOWS\System32\sechost.dll
0x00007ffb7b3b0000 - 0x00007ffb7b4d6000 	C:\WINDOWS\System32\RPCRT4.dll
0x00007ffb7b3a0000 - 0x00007ffb7b3a8000 	C:\WINDOWS\System32\PSAPI.DLL
0x00007ffb769f0000 - 0x00007ffb769f9000 	C:\WINDOWS\SYSTEM32\WSOCK32.dll
0x00007ffb7d1d0000 - 0x00007ffb7d23b000 	C:\WINDOWS\System32\WS2_32.dll
0x00007ffb6bef0000 - 0x00007ffb6bf17000 	C:\WINDOWS\SYSTEM32\WINMM.dll
0x00007ffb73ea0000 - 0x00007ffb73eaa000 	C:\WINDOWS\SYSTEM32\VERSION.dll
0x00007ffb791a0000 - 0x00007ffb791b2000 	C:\WINDOWS\SYSTEM32\kernel.appcore.dll
0x00007ffb76290000 - 0x00007ffb762a0000 	C:\Program Files\Microsoft\jdk-11.0.18.10-hotspot\bin\verify.dll
0x00007ffb787e0000 - 0x00007ffb789c4000 	C:\WINDOWS\SYSTEM32\DBGHELP.DLL
0x00007ffb63d90000 - 0x00007ffb63dc4000 	C:\WINDOWS\SYSTEM32\dbgcore.DLL
0x00007ffb7ae20000 - 0x00007ffb7aea2000 	C:\WINDOWS\System32\bcryptPrimitives.dll
0x00007ffb74720000 - 0x00007ffb74748000 	C:\Program Files\Microsoft\jdk-11.0.18.10-hotspot\bin\java.dll
0x00007ffb754c0000 - 0x00007ffb754ca000 	C:\Program Files\Microsoft\jdk-11.0.18.10-hotspot\bin\jimage.dll
0x00007ffb74be0000 - 0x00007ffb74bf8000 	C:\Program Files\Microsoft\jdk-11.0.18.10-hotspot\bin\zip.dll
0x00007ffb7c330000 - 0x00007ffb7ca74000 	C:\WINDOWS\System32\SHELL32.dll
0x00007ffb789f0000 - 0x00007ffb79183000 	C:\WINDOWS\SYSTEM32\windows.storage.dll
0x00007ffb7b6c0000 - 0x00007ffb7ba14000 	C:\WINDOWS\System32\combase.dll
0x00007ffb7a3b0000 - 0x00007ffb7a3de000 	C:\WINDOWS\SYSTEM32\Wldp.dll
0x00007ffb7c090000 - 0x00007ffb7c13d000 	C:\WINDOWS\System32\SHCORE.dll
0x00007ffb7c2c0000 - 0x00007ffb7c315000 	C:\WINDOWS\System32\shlwapi.dll
0x00007ffb7a8a0000 - 0x00007ffb7a8bf000 	C:\WINDOWS\SYSTEM32\profapi.dll
0x00007ffb74150000 - 0x00007ffb74169000 	C:\Program Files\Microsoft\jdk-11.0.18.10-hotspot\bin\net.dll
0x00007ffb72090000 - 0x00007ffb7219a000 	C:\WINDOWS\SYSTEM32\WINHTTP.dll
0x00007ffb7a110000 - 0x00007ffb7a17a000 	C:\WINDOWS\system32\mswsock.dll
0x00007ffb74130000 - 0x00007ffb74143000 	C:\Program Files\Microsoft\jdk-11.0.18.10-hotspot\bin\nio.dll

dbghelp: loaded successfully - version: 4.0.5 - missing functions: none
symbol engine: initialized successfully - sym options: 0x614 - pdb path: .;C:\Program Files\Microsoft\jdk-11.0.18.10-hotspot\bin;C:\WINDOWS\SYSTEM32;C:\WINDOWS\WinSxS\amd64_microsoft.windows.common-controls_6595b64144ccf1df_6.0.19041.1110_none_60b5254171f9507e;C:\Program Files\Microsoft\jdk-11.0.18.10-hotspot\bin\server

VM Arguments:
java_command: org.jetbrains.kotlin.cli.jvm.K2JVMCompiler @D:\Projetos\NubbleApp\node_modules\react-native-safe-area-context\android\build\20230717_1788217137719701185.compiler.options
java_class_path (initial): C:\Users\leona\.gradle\caches\modules-2\files-2.1\org.jetbrains.kotlin\kotlin-compiler-embeddable\1.6.20\18f66cca4301c12893ebe4ef47d65c3d9d2bff9b\kotlin-compiler-embeddable-1.6.20.jar;C:\Users\leona\.gradle\caches\modules-2\files-2.1\org.jetbrains.kotlin\kotlin-reflect\1.6.20\669965154723f1a712e8677af0cc5470dfdab81c\kotlin-reflect-1.6.20.jar;C:\Users\leona\.gradle\caches\modules-2\files-2.1\org.jetbrains.kotlin\kotlin-stdlib\1.6.20\6cedc143badbb4f1c6b7f5a340b04edff1743208\kotlin-stdlib-1.6.20.jar;C:\Users\leona\.gradle\caches\modules-2\files-2.1\org.jetbrains.kotlin\kotlin-script-runtime\1.6.20\a115c367e0fd9c8909293b208689afca0c88a6f1\kotlin-script-runtime-1.6.20.jar;C:\Users\leona\.gradle\caches\modules-2\files-2.1\org.jetbrains.kotlin\kotlin-daemon-embeddable\1.6.20\d4cac343029f48f106c57f457384771165d7deb5\kotlin-daemon-embeddable-1.6.20.jar;C:\Users\leona\.gradle\caches\modules-2\files-2.1\org.jetbrains.intellij.deps\trove4j\1.0.20200330\3afb14d5f9ceb459d724e907a21145e8ff394f02\trove4j-1.0.20200330.jar;C:\Users\leona\.gradle\caches\modules-2\files-2.1\net.java.dev.jna\jna\5.6.0\330f2244e9030119ab3030fc3fededc86713d9cc\jna-5.6.0.jar;C:\Users\leona\.gradle\caches\modules-2\files-2.1\org.jetbrains.kotlin\kotlin-stdlib-common\1.6.20\27b4562b6713d70f458c6d7ea39aadacb8e6a92b\kotlin-stdlib-common-1.6.20.jar;C:\Users\leona\.gradle\caches\modules-2\files-2.1\org.jetbrains\annotations\13.0\919f0dfe192fb4e063e7dacadee7f8bb9a2672a9\annotations-13.0.jar
Launcher Type: SUN_STANDARD

[Global flags]
     intx CICompilerCount                          = 4                                         {product} {ergonomic}
     uint ConcGCThreads                            = 2                                         {product} {ergonomic}
     uint G1ConcRefinementThreads                  = 8                                         {product} {ergonomic}
   size_t G1HeapRegionSize                         = 1048576                                   {product} {ergonomic}
    uintx GCDrainStackTargetSize                   = 64                                        {product} {ergonomic}
   size_t InitialHeapSize                          = 264241152                                 {product} {ergonomic}
   size_t MarkStackSize                            = 4194304                                   {product} {ergonomic}
   size_t MaxHeapSize                              = 4202692608                                {product} {ergonomic}
   size_t MaxNewSize                               = 2520776704                                {product} {ergonomic}
   size_t MinHeapDeltaBytes                        = 1048576                                   {product} {ergonomic}
    uintx NonNMethodCodeHeapSize                   = 5836300                                {pd product} {ergonomic}
    uintx NonProfiledCodeHeapSize                  = 122910970                              {pd product} {ergonomic}
    uintx ProfiledCodeHeapSize                     = 122910970                              {pd product} {ergonomic}
    uintx ReservedCodeCacheSize                    = 251658240                              {pd product} {ergonomic}
     bool SegmentedCodeCache                       = true                                      {product} {ergonomic}
     bool UseCompressedClassPointers               = true                                 {lp64_product} {ergonomic}
     bool UseCompressedOops                        = true                                 {lp64_product} {ergonomic}
     bool UseG1GC                                  = true                                      {product} {ergonomic}
     bool UseLargePagesIndividualAllocation        = false                                  {pd product} {ergonomic}

Logging:
Log output configuration:
 #0: stdout all=warning uptime,level,tags
 #1: stderr all=off uptime,level,tags

Environment Variables:
JAVA_HOME=C:\Program Files\Microsoft\jdk-11.0.18.10-hotspot\
CLASSPATH=D:\Projetos\NubbleApp\android\\gradle\wrapper\gradle-wrapper.jar
PATH=C:\Users\leona\AppData\Local\Temp\yarn--1689597576186-0.9679903441943754;D:\Projetos\NubbleApp\node_modules\.bin;C:\Users\leona\AppData\Local\Yarn\Data\link\node_modules\.bin;C:\Users\leona\AppData\Local\Yarn\bin;C:\Program Files\libexec\lib\node_modules\npm\bin\node-gyp-bin;C:\Program Files\lib\node_modules\npm\bin\node-gyp-bin;C:\Program Files\nodejs\node_modules\npm\bin\node-gyp-bin;C:\Users\leona\bin;C:\Program Files\Git\mingw64\bin;C:\Program Files\Git\usr\local\bin;C:\Program Files\Git\usr\bin;C:\Program Files\Git\usr\bin;C:\Program Files\Git\mingw64\bin;C:\Program Files\Git\usr\bin;C:\Users\leona\bin;C:\Program Files (x86)\Common Files\Oracle\Java\javapath;C:\Program Files\Microsoft\jdk-11.0.18.10-hotspot\bin;C:\Program Files\Eclipse Adoptium\jdk-11.0.18.10-hotspot\bin;C:\Program Files\Java\zulu11.54.25-ca-jdk11.0.14.1-win_x64\bin;C:\WINDOWS\system32;C:\WINDOWS;C:\WINDOWS\System32\Wbem;C:\WINDOWS\System32\WindowsPowerShell\v1.0;C:\WINDOWS\System32\OpenSSH;C:\Program Files\Java\jdk1.8.0_291;C:\Program Files\dotnet;C:\Program Files\Java\jdk1.8.0_301\bin;C:\ProgramData\UNIVALI\Portugol Studio;C:\Program Files\Git\cmd;C:\Program Files (x86)\dotnet;C:\ProgramData\chocolatey\bin;C:\Program Files\nodejs;C:\Program Files\MySQL\MySQL Server 8.0\bin;C:\Users\leona\AppData\Local\Android\Sdk\tools;C:\Users\leona\AppData\Local\Android\Sdk\tools;C:\Users\leona\AppData\Local\Android\Sdk\tools;C:\Users\leona\AppData\Local\Android\Sdk\tools;C:\Users\leona\AppData\Local\Microsoft\WindowsApps;C:\Users\leona\AppData\Roaming\npm;C:\Users\leona\AppData\Local\Programs\Microsoft VS Code\bin;C:\Users\leona\AppData\Local\Android\Sdk\platform-tools;C:\Program Files\Git\usr\bin\vendor_perl;C:\Program Files\Git\usr\bin\core_perl
USERNAME=leona
SHELL=C:\Program Files\Git\usr\bin\bash.exe
DISPLAY=needs-to-be-defined
LANG=en_US.UTF-8
TERM=xterm-256color
TMPDIR=C:\Users\leona\AppData\Local\Temp
OS=Windows_NT
PROCESSOR_IDENTIFIER=Intel64 Family 6 Model 158 Stepping 9, GenuineIntel
TMP=C:\Users\leona\AppData\Local\Temp
TEMP=C:\Users\leona\AppData\Local\Temp



---------------  S Y S T E M  ---------------

OS: Windows 10 , 64 bit Build 19041 (10.0.19041.3031)
OS uptime: 23 days 22:13 hours

CPU:total 8 (initial active 8) (4 cores per cpu, 2 threads per core) family 6 model 158 stepping 9 microcode 0xb4, cmov, cx8, fxsr, mmx, sse, sse2, sse3, ssse3, sse4.1, sse4.2, popcnt, avx, avx2, aes, clmul, erms, 3dnowpref, lzcnt, ht, tsc, tscinvbit, bmi1, bmi2, adx, fma

Memory: 4k page, system-wide physical 16024M (509M free)
TotalPageFile size 46412M (AvailPageFile size 9M)
current process WorkingSet (physical memory assigned to process): 392M, peak: 392M
current process commit charge ("private bytes"): 566M, peak: 571M

vm_info: OpenJDK 64-Bit Server VM (11.0.18+10-LTS) for windows-amd64 JRE (11.0.18+10-LTS), built on Jan 18 2023 15:56:47 by "MicrosoftCorporation" with MS VC++ 15.9 (VS2017)

END.
